TpTrace Verbose: 0 : 980, 1, 2023/04/17, 21:06:28.306, 476022240626, vstest.console.dll, Version: 17.4.0-release-20221019-01 Current process architecture: X64
TpTrace Verbose: 0 : 980, 1, 2023/04/17, 21:06:28.307, 476022256364, vstest.console.dll, Runtime location: C:\Program Files\dotnet\shared\Microsoft.NETCore.App\7.0.2
TpTrace Verbose: 0 : 980, 1, 2023/04/17, 21:06:28.311, 476022292613, vstest.console.dll, ArtifactProcessingPostProcessModeProcessorExecutor.Initialize: ArtifactProcessingMode.Collect
TpTrace Verbose: 0 : 980, 1, 2023/04/17, 21:06:28.311, 476022293614, vstest.console.dll, TestSessionCorrelationIdProcessorModeProcessorExecutor.Initialize: TestSessionCorrelationId '20976_392c8dae-1bd1-4284-8c12-9902c8ec8c4a'
TpTrace Information: 0 : 980, 1, 2023/04/17, 21:06:28.338, 476022563147, vstest.console.dll, FilePatternParser: The given file C:\Users\vszto\source\repos\vastamaa\Szakdolgozat\BookStore.API.Service.Tests\bin\Debug\net6.0\fine-code-coverage\build-output\BookStore.API.Service.Tests.dll is a full path.
TpTrace Verbose: 0 : 980, 1, 2023/04/17, 21:06:28.347, 476022651071, vstest.console.dll, TestPluginCache.DiscoverTestExtensions: finding test extensions in assemblies ends with: RuntimeProvider.dll TPluginInfo: Microsoft.VisualStudio.TestPlatform.Common.ExtensionFramework.Utilities.TestRuntimePluginInformation TExtension: Microsoft.VisualStudio.TestPlatform.ObjectModel.Host.ITestRuntimeProvider
TpTrace Verbose: 0 : 980, 1, 2023/04/17, 21:06:28.347, 476022652783, vstest.console.dll, TestPluginCache.GetExtensionPaths: Filtered extension paths: 
TpTrace Verbose: 0 : 980, 1, 2023/04/17, 21:06:28.347, 476022653266, vstest.console.dll, TestPluginCache.GetExtensionPaths: Added default extension paths: C:\Program Files\dotnet\sdk\7.0.102\Extensions\Microsoft.Diagnostics.NETCore.Client.dll
C:\Program Files\dotnet\sdk\7.0.102\Extensions\Microsoft.TestPlatform.Extensions.BlameDataCollector.dll
C:\Program Files\dotnet\sdk\7.0.102\Extensions\Microsoft.TestPlatform.Extensions.EventLogCollector.dll
C:\Program Files\dotnet\sdk\7.0.102\Extensions\Microsoft.TestPlatform.TestHostRuntimeProvider.dll
C:\Program Files\dotnet\sdk\7.0.102\Extensions\Microsoft.VisualStudio.TestPlatform.Extensions.Html.TestLogger.dll
C:\Program Files\dotnet\sdk\7.0.102\Extensions\Microsoft.VisualStudio.TestPlatform.Extensions.Trx.TestLogger.dll
TpTrace Verbose: 0 : 980, 1, 2023/04/17, 21:06:28.347, 476022653474, vstest.console.dll, TestPluginCache.GetExtensionPaths: Added unfilterableExtensionPaths: 
TpTrace Information: 0 : 980, 1, 2023/04/17, 21:06:28.347, 476022658971, vstest.console.dll, AssemblyResolver.ctor: Creating AssemblyResolver with searchDirectories C:\Program Files\dotnet\sdk\7.0.102\Extensions,C:\Program Files\dotnet\sdk\7.0.102
TpTrace Verbose: 0 : 980, 1, 2023/04/17, 21:06:28.349, 476022675079, vstest.console.dll, TestPluginCache.DiscoverTestExtensions: Discovering the extensions using extension path.
TpTrace Verbose: 0 : 980, 1, 2023/04/17, 21:06:28.349, 476022676291, vstest.console.dll, TestPluginCache.GetExtensionPaths: Filtered extension paths: 
TpTrace Verbose: 0 : 980, 1, 2023/04/17, 21:06:28.349, 476022676546, vstest.console.dll, TestPluginCache.GetExtensionPaths: Added default extension paths: C:\Program Files\dotnet\sdk\7.0.102\Extensions\Microsoft.Diagnostics.NETCore.Client.dll
C:\Program Files\dotnet\sdk\7.0.102\Extensions\Microsoft.TestPlatform.Extensions.BlameDataCollector.dll
C:\Program Files\dotnet\sdk\7.0.102\Extensions\Microsoft.TestPlatform.Extensions.EventLogCollector.dll
C:\Program Files\dotnet\sdk\7.0.102\Extensions\Microsoft.TestPlatform.TestHostRuntimeProvider.dll
C:\Program Files\dotnet\sdk\7.0.102\Extensions\Microsoft.VisualStudio.TestPlatform.Extensions.Html.TestLogger.dll
C:\Program Files\dotnet\sdk\7.0.102\Extensions\Microsoft.VisualStudio.TestPlatform.Extensions.Trx.TestLogger.dll
TpTrace Verbose: 0 : 980, 1, 2023/04/17, 21:06:28.349, 476022676789, vstest.console.dll, TestPluginCache.GetExtensionPaths: Added unfilterableExtensionPaths: 
TpTrace Verbose: 0 : 980, 1, 2023/04/17, 21:06:28.349, 476022677415, vstest.console.dll, TestPluginCache.DiscoverTestExtensions: Discovering the extensions using allExtensionPaths: C:\Program Files\dotnet\sdk\7.0.102\Extensions\Microsoft.Diagnostics.NETCore.Client.dll
C:\Program Files\dotnet\sdk\7.0.102\Extensions\Microsoft.TestPlatform.Extensions.BlameDataCollector.dll
C:\Program Files\dotnet\sdk\7.0.102\Extensions\Microsoft.TestPlatform.Extensions.EventLogCollector.dll
C:\Program Files\dotnet\sdk\7.0.102\Extensions\Microsoft.TestPlatform.TestHostRuntimeProvider.dll
C:\Program Files\dotnet\sdk\7.0.102\Extensions\Microsoft.VisualStudio.TestPlatform.Extensions.Html.TestLogger.dll
C:\Program Files\dotnet\sdk\7.0.102\Extensions\Microsoft.VisualStudio.TestPlatform.Extensions.Trx.TestLogger.dll
TpTrace Information: 0 : 980, 1, 2023/04/17, 21:06:28.349, 476022678416, vstest.console.dll, AssemblyResolver.AddSearchDirectories: Adding more searchDirectories C:\Program Files\dotnet\sdk\7.0.102\Extensions,C:\Program Files\dotnet\sdk\7.0.102
TpTrace Information: 0 : 980, 1, 2023/04/17, 21:06:28.349, 476022678746, vstest.console.dll, AssemblyResolver.AddSearchDirectories: Adding more searchDirectories C:\Program Files\dotnet\sdk\7.0.102\Extensions,C:\Program Files\dotnet\sdk\7.0.102
TpTrace Information: 0 : 980, 1, 2023/04/17, 21:06:28.349, 476022678932, vstest.console.dll, AssemblyResolver.AddSearchDirectories: Adding more searchDirectories C:\Program Files\dotnet\sdk\7.0.102\Extensions,C:\Program Files\dotnet\sdk\7.0.102
TpTrace Information: 0 : 980, 1, 2023/04/17, 21:06:28.349, 476022679078, vstest.console.dll, AssemblyResolver.AddSearchDirectories: Adding more searchDirectories C:\Program Files\dotnet\sdk\7.0.102\Extensions,C:\Program Files\dotnet\sdk\7.0.102
TpTrace Information: 0 : 980, 1, 2023/04/17, 21:06:28.350, 476022679219, vstest.console.dll, AssemblyResolver.AddSearchDirectories: Adding more searchDirectories C:\Program Files\dotnet\sdk\7.0.102\Extensions,C:\Program Files\dotnet\sdk\7.0.102
TpTrace Information: 0 : 980, 1, 2023/04/17, 21:06:28.350, 476022679359, vstest.console.dll, AssemblyResolver.AddSearchDirectories: Adding more searchDirectories C:\Program Files\dotnet\sdk\7.0.102\Extensions,C:\Program Files\dotnet\sdk\7.0.102
TpTrace Information: 0 : 980, 1, 2023/04/17, 21:06:28.350, 476022682328, vstest.console.dll, AssemblyResolver.OnResolve: Microsoft.Diagnostics.NETCore.Client: Resolving assembly.
TpTrace Information: 0 : 980, 1, 2023/04/17, 21:06:28.350, 476022682850, vstest.console.dll, AssemblyResolver.OnResolve: Microsoft.Diagnostics.NETCore.Client: Searching in: 'C:\Program Files\dotnet\sdk\7.0.102\Extensions'.
TpTrace Information: 0 : 980, 1, 2023/04/17, 21:06:28.357, 476022757693, vstest.console.dll, AssemblyResolver.OnResolve: Microsoft.Diagnostics.NETCore.Client: Loading assembly 'C:\Program Files\dotnet\sdk\7.0.102\Extensions\Microsoft.Diagnostics.NETCore.Client.dll'.
TpTrace Information: 0 : 980, 1, 2023/04/17, 21:06:28.359, 476022773801, vstest.console.dll, AssemblyResolver.OnResolve: Resolved assembly: Microsoft.Diagnostics.NETCore.Client, from path: C:\Program Files\dotnet\sdk\7.0.102\Extensions\Microsoft.Diagnostics.NETCore.Client.dll
TpTrace Verbose: 0 : 980, 1, 2023/04/17, 21:06:28.360, 476022782495, vstest.console.dll, MetadataReaderExtensionsHelper: Discovering extensions inside assembly 'Microsoft.Diagnostics.NETCore.Client, Version=0.2.6.42401, Culture=neutral, PublicKeyToken=31bf3856ad364e35' file path 'C:\Program Files\dotnet\sdk\7.0.102\Extensions\Microsoft.Diagnostics.NETCore.Client.dll'
TpTrace Information: 0 : 980, 1, 2023/04/17, 21:06:28.363, 476022815893, vstest.console.dll, AssemblyResolver.OnResolve: Microsoft.Bcl.AsyncInterfaces: Resolving assembly.
TpTrace Information: 0 : 980, 1, 2023/04/17, 21:06:28.363, 476022816511, vstest.console.dll, AssemblyResolver.OnResolve: Microsoft.Bcl.AsyncInterfaces: Searching in: 'C:\Program Files\dotnet\sdk\7.0.102\Extensions'.
TpTrace Information: 0 : 980, 1, 2023/04/17, 21:06:28.363, 476022817049, vstest.console.dll, AssemblyResolver.OnResolve: Microsoft.Bcl.AsyncInterfaces: Assembly path does not exist: 'C:\Program Files\dotnet\sdk\7.0.102\Extensions\Microsoft.Bcl.AsyncInterfaces.dll', returning.
TpTrace Information: 0 : 980, 1, 2023/04/17, 21:06:28.363, 476022817702, vstest.console.dll, AssemblyResolver.OnResolve: Microsoft.Bcl.AsyncInterfaces: Assembly path does not exist: 'C:\Program Files\dotnet\sdk\7.0.102\Extensions\Microsoft.Bcl.AsyncInterfaces.exe', returning.
TpTrace Information: 0 : 980, 1, 2023/04/17, 21:06:28.363, 476022817929, vstest.console.dll, AssemblyResolver.OnResolve: Microsoft.Bcl.AsyncInterfaces: Searching in: 'C:\Program Files\dotnet\sdk\7.0.102'.
TpTrace Information: 0 : 980, 1, 2023/04/17, 21:06:28.363, 476022818289, vstest.console.dll, AssemblyResolver.OnResolve: Microsoft.Bcl.AsyncInterfaces: Assembly path does not exist: 'C:\Program Files\dotnet\sdk\7.0.102\Microsoft.Bcl.AsyncInterfaces.dll', returning.
TpTrace Information: 0 : 980, 1, 2023/04/17, 21:06:28.363, 476022818584, vstest.console.dll, AssemblyResolver.OnResolve: Microsoft.Bcl.AsyncInterfaces: Assembly path does not exist: 'C:\Program Files\dotnet\sdk\7.0.102\Microsoft.Bcl.AsyncInterfaces.exe', returning.
TpTrace Information: 0 : 980, 1, 2023/04/17, 21:06:28.363, 476022818725, vstest.console.dll, AssemblyResolver.OnResolve: Microsoft.Bcl.AsyncInterfaces: Failed to load assembly.
TpTrace Verbose: 0 : 980, 1, 2023/04/17, 21:06:28.363, 476022818987, vstest.console.dll, CurrentDomainAssemblyResolve: Resolving assembly 'Microsoft.Bcl.AsyncInterfaces'.
TpTrace Information: 0 : 980, 1, 2023/04/17, 21:06:28.364, 476022819498, vstest.console.dll, AssemblyResolver.OnResolve: Microsoft.Bcl.AsyncInterfaces: Resolving assembly.
TpTrace Information: 0 : 980, 1, 2023/04/17, 21:06:28.364, 476022819709, vstest.console.dll, AssemblyResolver.OnResolve: Microsoft.Bcl.AsyncInterfaces: Resolved from cache.
TpTrace Verbose: 0 : 980, 1, 2023/04/17, 21:06:28.364, 476022819848, vstest.console.dll, CurrentDomainAssemblyResolve: Resolving assembly 'Microsoft.Bcl.AsyncInterfaces'.
TpTrace Verbose: 0 : 980, 1, 2023/04/17, 21:06:28.364, 476022820037, vstest.console.dll, CurrentDomainAssemblyResolve: Failed to resolve assembly 'Microsoft.Bcl.AsyncInterfaces'.
TpTrace Verbose: 0 : 980, 1, 2023/04/17, 21:06:28.368, 476022865942, vstest.console.dll, CurrentDomainAssemblyResolve: Failed to resolve assembly 'Microsoft.Bcl.AsyncInterfaces'.
TpTrace Warning: 0 : 980, 1, 2023/04/17, 21:06:28.376, 476022948155, vstest.console.dll, TestPluginDiscoverer: Failed to get types from assembly 'Microsoft.Diagnostics.NETCore.Client, Version=0.2.6.42401, Culture=neutral, PublicKeyToken=31bf3856ad364e35'. Error: System.Reflection.ReflectionTypeLoadException: Unable to load one or more of the requested types.
Could not load file or assembly 'Microsoft.Bcl.AsyncInterfaces, Version=1.0.0.0, Culture=neutral, PublicKeyToken=cc7b13ffcd2ddd51'. A rendszer nem találja a megadott fájlt.
   at System.Reflection.RuntimeModule.GetTypes(RuntimeModule module)
   at System.Reflection.Assembly.GetTypes()
   at Microsoft.VisualStudio.TestPlatform.Common.ExtensionFramework.TestPluginDiscoverer.GetTestExtensionsFromAssembly[TPluginInfo,TExtension](Assembly assembly, Dictionary`2 pluginInfos, String filePath)
System.IO.FileNotFoundException: Could not load file or assembly 'Microsoft.Bcl.AsyncInterfaces, Version=1.0.0.0, Culture=neutral, PublicKeyToken=cc7b13ffcd2ddd51'. A rendszer nem találja a megadott fájlt.
File name: 'Microsoft.Bcl.AsyncInterfaces, Version=1.0.0.0, Culture=neutral, PublicKeyToken=cc7b13ffcd2ddd51'
 ---> System.IO.FileNotFoundException: Could not load file or assembly 'Microsoft.Bcl.AsyncInterfaces, Culture=neutral, PublicKeyToken=null'. A rendszer nem találja a megadott fájlt.
File name: 'Microsoft.Bcl.AsyncInterfaces, Culture=neutral, PublicKeyToken=null'
   at System.Reflection.RuntimeAssembly.InternalLoad(AssemblyName assemblyName, StackCrawlMark& stackMark, AssemblyLoadContext assemblyLoadContext, RuntimeAssembly requestingAssembly, Boolean throwOnFileNotFound)
   at System.Reflection.Assembly.Load(AssemblyName assemblyRef)
   at Microsoft.VisualStudio.TestPlatform.Common.ExtensionFramework.TestPluginCache.CurrentDomainAssemblyResolve(Object sender, AssemblyResolveEventArgs args)
   at System.Runtime.Loader.AssemblyLoadContext.GetFirstResolvedAssemblyFromResolvingEvent(AssemblyName assemblyName)
   at System.Runtime.Loader.AssemblyLoadContext.ResolveUsingEvent(AssemblyName assemblyName)
   at System.Runtime.Loader.AssemblyLoadContext.ResolveUsingResolvingEvent(IntPtr gchManagedAssemblyLoadContext, AssemblyName assemblyName)
TpTrace Warning: 0 : 980, 1, 2023/04/17, 21:06:28.377, 476022950728, vstest.console.dll, LoaderExceptions: System.IO.FileNotFoundException: Could not load file or assembly 'Microsoft.Bcl.AsyncInterfaces, Version=1.0.0.0, Culture=neutral, PublicKeyToken=cc7b13ffcd2ddd51'. A rendszer nem találja a megadott fájlt.
File name: 'Microsoft.Bcl.AsyncInterfaces, Version=1.0.0.0, Culture=neutral, PublicKeyToken=cc7b13ffcd2ddd51'
 ---> System.IO.FileNotFoundException: Could not load file or assembly 'Microsoft.Bcl.AsyncInterfaces, Culture=neutral, PublicKeyToken=null'. A rendszer nem találja a megadott fájlt.
File name: 'Microsoft.Bcl.AsyncInterfaces, Culture=neutral, PublicKeyToken=null'
   at System.Reflection.RuntimeAssembly.InternalLoad(AssemblyName assemblyName, StackCrawlMark& stackMark, AssemblyLoadContext assemblyLoadContext, RuntimeAssembly requestingAssembly, Boolean throwOnFileNotFound)
   at System.Reflection.Assembly.Load(AssemblyName assemblyRef)
   at Microsoft.VisualStudio.TestPlatform.Common.ExtensionFramework.TestPluginCache.CurrentDomainAssemblyResolve(Object sender, AssemblyResolveEventArgs args)
   at System.Runtime.Loader.AssemblyLoadContext.GetFirstResolvedAssemblyFromResolvingEvent(AssemblyName assemblyName)
   at System.Runtime.Loader.AssemblyLoadContext.ResolveUsingEvent(AssemblyName assemblyName)
   at System.Runtime.Loader.AssemblyLoadContext.ResolveUsingResolvingEvent(IntPtr gchManagedAssemblyLoadContext, AssemblyName assemblyName)
TpTrace Information: 0 : 980, 1, 2023/04/17, 21:06:28.377, 476022951869, vstest.console.dll, AssemblyResolver.OnResolve: Microsoft.TestPlatform.Extensions.BlameDataCollector: Resolving assembly.
TpTrace Information: 0 : 980, 1, 2023/04/17, 21:06:28.377, 476022952116, vstest.console.dll, AssemblyResolver.OnResolve: Microsoft.TestPlatform.Extensions.BlameDataCollector: Searching in: 'C:\Program Files\dotnet\sdk\7.0.102\Extensions'.
TpTrace Information: 0 : 980, 1, 2023/04/17, 21:06:28.378, 476022963379, vstest.console.dll, AssemblyResolver.OnResolve: Microsoft.TestPlatform.Extensions.BlameDataCollector: Loading assembly 'C:\Program Files\dotnet\sdk\7.0.102\Extensions\Microsoft.TestPlatform.Extensions.BlameDataCollector.dll'.
TpTrace Information: 0 : 980, 1, 2023/04/17, 21:06:28.378, 476022968010, vstest.console.dll, AssemblyResolver.OnResolve: Resolved assembly: Microsoft.TestPlatform.Extensions.BlameDataCollector, from path: C:\Program Files\dotnet\sdk\7.0.102\Extensions\Microsoft.TestPlatform.Extensions.BlameDataCollector.dll
TpTrace Verbose: 0 : 980, 1, 2023/04/17, 21:06:28.378, 476022968573, vstest.console.dll, MetadataReaderExtensionsHelper: Discovering extensions inside assembly 'Microsoft.TestPlatform.Extensions.BlameDataCollector, Version=15.0.0.0, Culture=neutral, PublicKeyToken=b03f5f7f11d50a3a' file path 'C:\Program Files\dotnet\sdk\7.0.102\Extensions\Microsoft.TestPlatform.Extensions.BlameDataCollector.dll'
TpTrace Information: 0 : 980, 1, 2023/04/17, 21:06:28.380, 476022981576, vstest.console.dll, AssemblyResolver.OnResolve: Microsoft.TestPlatform.Extensions.EventLogCollector: Resolving assembly.
TpTrace Information: 0 : 980, 1, 2023/04/17, 21:06:28.380, 476022981932, vstest.console.dll, AssemblyResolver.OnResolve: Microsoft.TestPlatform.Extensions.EventLogCollector: Searching in: 'C:\Program Files\dotnet\sdk\7.0.102\Extensions'.
TpTrace Information: 0 : 980, 1, 2023/04/17, 21:06:28.380, 476022987411, vstest.console.dll, AssemblyResolver.OnResolve: Microsoft.TestPlatform.Extensions.EventLogCollector: Loading assembly 'C:\Program Files\dotnet\sdk\7.0.102\Extensions\Microsoft.TestPlatform.Extensions.EventLogCollector.dll'.
TpTrace Information: 0 : 980, 1, 2023/04/17, 21:06:28.381, 476022990459, vstest.console.dll, AssemblyResolver.OnResolve: Resolved assembly: Microsoft.TestPlatform.Extensions.EventLogCollector, from path: C:\Program Files\dotnet\sdk\7.0.102\Extensions\Microsoft.TestPlatform.Extensions.EventLogCollector.dll
TpTrace Verbose: 0 : 980, 1, 2023/04/17, 21:06:28.381, 476022990867, vstest.console.dll, MetadataReaderExtensionsHelper: Discovering extensions inside assembly 'Microsoft.TestPlatform.Extensions.EventLogCollector, Version=15.0.0.0, Culture=neutral, PublicKeyToken=b03f5f7f11d50a3a' file path 'C:\Program Files\dotnet\sdk\7.0.102\Extensions\Microsoft.TestPlatform.Extensions.EventLogCollector.dll'
TpTrace Information: 0 : 980, 1, 2023/04/17, 21:06:28.383, 476023011506, vstest.console.dll, AssemblyResolver.OnResolve: Microsoft.TestPlatform.TestHostRuntimeProvider: Resolving assembly.
TpTrace Information: 0 : 980, 1, 2023/04/17, 21:06:28.383, 476023011885, vstest.console.dll, AssemblyResolver.OnResolve: Microsoft.TestPlatform.TestHostRuntimeProvider: Searching in: 'C:\Program Files\dotnet\sdk\7.0.102\Extensions'.
TpTrace Information: 0 : 980, 1, 2023/04/17, 21:06:28.383, 476023017439, vstest.console.dll, AssemblyResolver.OnResolve: Microsoft.TestPlatform.TestHostRuntimeProvider: Loading assembly 'C:\Program Files\dotnet\sdk\7.0.102\Extensions\Microsoft.TestPlatform.TestHostRuntimeProvider.dll'.
TpTrace Information: 0 : 980, 1, 2023/04/17, 21:06:28.384, 476023021907, vstest.console.dll, AssemblyResolver.OnResolve: Resolved assembly: Microsoft.TestPlatform.TestHostRuntimeProvider, from path: C:\Program Files\dotnet\sdk\7.0.102\Extensions\Microsoft.TestPlatform.TestHostRuntimeProvider.dll
TpTrace Verbose: 0 : 980, 1, 2023/04/17, 21:06:28.384, 476023022301, vstest.console.dll, MetadataReaderExtensionsHelper: Discovering extensions inside assembly 'Microsoft.TestPlatform.TestHostRuntimeProvider, Version=15.0.0.0, Culture=neutral, PublicKeyToken=b03f5f7f11d50a3a' file path 'C:\Program Files\dotnet\sdk\7.0.102\Extensions\Microsoft.TestPlatform.TestHostRuntimeProvider.dll'
TpTrace Information: 0 : 980, 1, 2023/04/17, 21:06:28.385, 476023036774, vstest.console.dll, GetTestExtensionFromType: Register extension with identifier data 'HostProvider://DefaultTestHost' and type 'Microsoft.VisualStudio.TestPlatform.CrossPlatEngine.Hosting.DefaultTestHostManager, Microsoft.TestPlatform.TestHostRuntimeProvider, Version=15.0.0.0, Culture=neutral, PublicKeyToken=b03f5f7f11d50a3a' inside file 'C:\Program Files\dotnet\sdk\7.0.102\Extensions\Microsoft.TestPlatform.TestHostRuntimeProvider.dll'
TpTrace Information: 0 : 980, 1, 2023/04/17, 21:06:28.385, 476023038447, vstest.console.dll, GetTestExtensionFromType: Register extension with identifier data 'HostProvider://DotnetTestHost' and type 'Microsoft.VisualStudio.TestPlatform.CrossPlatEngine.Hosting.DotnetTestHostManager, Microsoft.TestPlatform.TestHostRuntimeProvider, Version=15.0.0.0, Culture=neutral, PublicKeyToken=b03f5f7f11d50a3a' inside file 'C:\Program Files\dotnet\sdk\7.0.102\Extensions\Microsoft.TestPlatform.TestHostRuntimeProvider.dll'
TpTrace Information: 0 : 980, 1, 2023/04/17, 21:06:28.385, 476023038957, vstest.console.dll, AssemblyResolver.OnResolve: Microsoft.VisualStudio.TestPlatform.Extensions.Html.TestLogger: Resolving assembly.
TpTrace Information: 0 : 980, 1, 2023/04/17, 21:06:28.386, 476023039157, vstest.console.dll, AssemblyResolver.OnResolve: Microsoft.VisualStudio.TestPlatform.Extensions.Html.TestLogger: Searching in: 'C:\Program Files\dotnet\sdk\7.0.102\Extensions'.
TpTrace Information: 0 : 980, 1, 2023/04/17, 21:06:28.386, 476023048755, vstest.console.dll, AssemblyResolver.OnResolve: Microsoft.VisualStudio.TestPlatform.Extensions.Html.TestLogger: Loading assembly 'C:\Program Files\dotnet\sdk\7.0.102\Extensions\Microsoft.VisualStudio.TestPlatform.Extensions.Html.TestLogger.dll'.
TpTrace Information: 0 : 980, 1, 2023/04/17, 21:06:28.387, 476023052903, vstest.console.dll, AssemblyResolver.OnResolve: Resolved assembly: Microsoft.VisualStudio.TestPlatform.Extensions.Html.TestLogger, from path: C:\Program Files\dotnet\sdk\7.0.102\Extensions\Microsoft.VisualStudio.TestPlatform.Extensions.Html.TestLogger.dll
TpTrace Verbose: 0 : 980, 1, 2023/04/17, 21:06:28.387, 476023053326, vstest.console.dll, MetadataReaderExtensionsHelper: Discovering extensions inside assembly 'Microsoft.VisualStudio.TestPlatform.Extensions.Html.TestLogger, Version=15.0.0.0, Culture=neutral, PublicKeyToken=b03f5f7f11d50a3a' file path 'C:\Program Files\dotnet\sdk\7.0.102\Extensions\Microsoft.VisualStudio.TestPlatform.Extensions.Html.TestLogger.dll'
TpTrace Information: 0 : 980, 1, 2023/04/17, 21:06:28.387, 476023058331, vstest.console.dll, AssemblyResolver.OnResolve: Microsoft.VisualStudio.TestPlatform.Extensions.Trx.TestLogger: Resolving assembly.
TpTrace Information: 0 : 980, 1, 2023/04/17, 21:06:28.387, 476023058661, vstest.console.dll, AssemblyResolver.OnResolve: Microsoft.VisualStudio.TestPlatform.Extensions.Trx.TestLogger: Searching in: 'C:\Program Files\dotnet\sdk\7.0.102\Extensions'.
TpTrace Information: 0 : 980, 1, 2023/04/17, 21:06:28.388, 476023068690, vstest.console.dll, AssemblyResolver.OnResolve: Microsoft.VisualStudio.TestPlatform.Extensions.Trx.TestLogger: Loading assembly 'C:\Program Files\dotnet\sdk\7.0.102\Extensions\Microsoft.VisualStudio.TestPlatform.Extensions.Trx.TestLogger.dll'.
TpTrace Information: 0 : 980, 1, 2023/04/17, 21:06:28.389, 476023074572, vstest.console.dll, AssemblyResolver.OnResolve: Resolved assembly: Microsoft.VisualStudio.TestPlatform.Extensions.Trx.TestLogger, from path: C:\Program Files\dotnet\sdk\7.0.102\Extensions\Microsoft.VisualStudio.TestPlatform.Extensions.Trx.TestLogger.dll
TpTrace Verbose: 0 : 980, 1, 2023/04/17, 21:06:28.389, 476023074997, vstest.console.dll, MetadataReaderExtensionsHelper: Discovering extensions inside assembly 'Microsoft.VisualStudio.TestPlatform.Extensions.Trx.TestLogger, Version=15.0.0.0, Culture=neutral, PublicKeyToken=b03f5f7f11d50a3a' file path 'C:\Program Files\dotnet\sdk\7.0.102\Extensions\Microsoft.VisualStudio.TestPlatform.Extensions.Trx.TestLogger.dll'
TpTrace Verbose: 0 : 980, 1, 2023/04/17, 21:06:28.390, 476023085781, vstest.console.dll, TestPluginCache: Discovered the extensions using extension path ''.
TpTrace Verbose: 0 : 980, 1, 2023/04/17, 21:06:28.390, 476023086241, vstest.console.dll, TestPluginCache: Discoverers are ''.
TpTrace Verbose: 0 : 980, 1, 2023/04/17, 21:06:28.390, 476023086382, vstest.console.dll, TestPluginCache: Executors are ''.
TpTrace Verbose: 0 : 980, 1, 2023/04/17, 21:06:28.390, 476023086500, vstest.console.dll, TestPluginCache: Executors2 are ''.
TpTrace Verbose: 0 : 980, 1, 2023/04/17, 21:06:28.390, 476023086617, vstest.console.dll, TestPluginCache: Setting providers are ''.
TpTrace Verbose: 0 : 980, 1, 2023/04/17, 21:06:28.390, 476023086733, vstest.console.dll, TestPluginCache: Loggers are ''.
TpTrace Verbose: 0 : 980, 1, 2023/04/17, 21:06:28.390, 476023087505, vstest.console.dll, TestPluginCache: TestHosts are 'HostProvider://DefaultTestHost,HostProvider://DotnetTestHost'.
TpTrace Verbose: 0 : 980, 1, 2023/04/17, 21:06:28.390, 476023087698, vstest.console.dll, TestPluginCache: DataCollectors are ''.
TpTrace Information: 0 : 980, 1, 2023/04/17, 21:06:28.404, 476023228124, vstest.console.dll, RunTestsArgumentProcessor:Execute: Test run is starting.
TpTrace Verbose: 0 : 980, 1, 2023/04/17, 21:06:28.404, 476023228760, vstest.console.dll, RunTestsArgumentProcessor:Execute: Queuing Test run.
TpTrace Information: 0 : 980, 1, 2023/04/17, 21:06:28.405, 476023232451, vstest.console.dll, TestRequestManager.RunTests: run tests started.
TpTrace Information: 0 : 980, 1, 2023/04/17, 21:06:28.406, 476023241637, vstest.console.dll, AssemblyMetadataProvider.GetFrameworkName: Determined framework:'.NETCoreApp,Version=v6.0' for source: 'C:\Users\vszto\source\repos\vastamaa\Szakdolgozat\BookStore.API.Service.Tests\bin\Debug\net6.0\fine-code-coverage\build-output\BookStore.API.Service.Tests.dll'
TpTrace Information: 0 : 980, 1, 2023/04/17, 21:06:28.406, 476023242761, vstest.console.dll, Determined framework for all sources: .NETCoreApp,Version=v6.0
TpTrace Verbose: 0 : 980, 1, 2023/04/17, 21:06:28.406, 476023245500, vstest.console.dll, TestRequestManager.UpdateRunSettingsIfRequired: Default architecture: X64 IsDefaultTargetArchitecture: True, Current process architecture: X64 OperatingSystem: Windows.
TpTrace Information: 0 : 980, 1, 2023/04/17, 21:06:28.408, 476023259547, vstest.console.dll, AssemblyMetadataProvider.GetArchitecture: Determined architecture:AnyCPU info for assembly: C:\Users\vszto\source\repos\vastamaa\Szakdolgozat\BookStore.API.Service.Tests\bin\Debug\net6.0\fine-code-coverage\build-output\BookStore.API.Service.Tests.dll
TpTrace Information: 0 : 980, 1, 2023/04/17, 21:06:28.408, 476023259923, vstest.console.dll, Determined platform for source 'C:\Users\vszto\source\repos\vastamaa\Szakdolgozat\BookStore.API.Service.Tests\bin\Debug\net6.0\fine-code-coverage\build-output\BookStore.API.Service.Tests.dll' was AnyCPU and it will use the default plaform X64.
TpTrace Information: 0 : 980, 1, 2023/04/17, 21:06:28.408, 476023260139, vstest.console.dll, None of the sources provided any runnable platform, using the default platform: X64
TpTrace Information: 0 : 980, 1, 2023/04/17, 21:06:28.408, 476023260745, vstest.console.dll, Platform was updated to 'X64'.
TpTrace Information: 0 : 980, 1, 2023/04/17, 21:06:28.412, 476023302176, vstest.console.dll, InferRunSettingsHelper.IsTestSettingsEnabled: Unable to navigate to RunSettings/MSTest. Current node: RunSettings
TpTrace Information: 0 : 980, 1, 2023/04/17, 21:06:28.412, 476023308338, vstest.console.dll, AssemblyResolver.OnResolve: Microsoft.VisualStudio.TestPlatform.Fakes: Resolving assembly.
TpTrace Information: 0 : 980, 1, 2023/04/17, 21:06:28.412, 476023308882, vstest.console.dll, AssemblyResolver.OnResolve: Microsoft.VisualStudio.TestPlatform.Fakes: Searching in: 'C:\Program Files\dotnet\sdk\7.0.102\Extensions'.
TpTrace Information: 0 : 980, 1, 2023/04/17, 21:06:28.413, 476023309636, vstest.console.dll, AssemblyResolver.OnResolve: Microsoft.VisualStudio.TestPlatform.Fakes: Assembly path does not exist: 'C:\Program Files\dotnet\sdk\7.0.102\Extensions\Microsoft.VisualStudio.TestPlatform.Fakes.dll', returning.
TpTrace Information: 0 : 980, 1, 2023/04/17, 21:06:28.413, 476023310048, vstest.console.dll, AssemblyResolver.OnResolve: Microsoft.VisualStudio.TestPlatform.Fakes: Assembly path does not exist: 'C:\Program Files\dotnet\sdk\7.0.102\Extensions\Microsoft.VisualStudio.TestPlatform.Fakes.exe', returning.
TpTrace Information: 0 : 980, 1, 2023/04/17, 21:06:28.413, 476023310211, vstest.console.dll, AssemblyResolver.OnResolve: Microsoft.VisualStudio.TestPlatform.Fakes: Searching in: 'C:\Program Files\dotnet\sdk\7.0.102'.
TpTrace Information: 0 : 980, 1, 2023/04/17, 21:06:28.413, 476023310559, vstest.console.dll, AssemblyResolver.OnResolve: Microsoft.VisualStudio.TestPlatform.Fakes: Assembly path does not exist: 'C:\Program Files\dotnet\sdk\7.0.102\Microsoft.VisualStudio.TestPlatform.Fakes.dll', returning.
TpTrace Information: 0 : 980, 1, 2023/04/17, 21:06:28.413, 476023310946, vstest.console.dll, AssemblyResolver.OnResolve: Microsoft.VisualStudio.TestPlatform.Fakes: Assembly path does not exist: 'C:\Program Files\dotnet\sdk\7.0.102\Microsoft.VisualStudio.TestPlatform.Fakes.exe', returning.
TpTrace Information: 0 : 980, 1, 2023/04/17, 21:06:28.413, 476023311102, vstest.console.dll, AssemblyResolver.OnResolve: Microsoft.VisualStudio.TestPlatform.Fakes: Failed to load assembly.
TpTrace Information: 0 : 980, 1, 2023/04/17, 21:06:28.413, 476023313079, vstest.console.dll, Failed to load assembly Microsoft.VisualStudio.TestPlatform.Fakes, Version=17.0.0.0, Culture=neutral. Reason:System.IO.FileNotFoundException: Could not load file or assembly 'Microsoft.VisualStudio.TestPlatform.Fakes, Version=17.0.0.0, Culture=neutral, PublicKeyToken=null'. A rendszer nem találja a megadott fájlt.
File name: 'Microsoft.VisualStudio.TestPlatform.Fakes, Version=17.0.0.0, Culture=neutral, PublicKeyToken=null'
   at System.Reflection.RuntimeAssembly.InternalLoad(AssemblyName assemblyName, StackCrawlMark& stackMark, AssemblyLoadContext assemblyLoadContext, RuntimeAssembly requestingAssembly, Boolean throwOnFileNotFound)
   at System.Reflection.Assembly.Load(AssemblyName assemblyRef)
   at Microsoft.VisualStudio.TestPlatform.Common.Utilities.FakesUtilities.LoadTestPlatformAssembly()
TpTrace Verbose: 0 : 980, 1, 2023/04/17, 21:06:28.416, 476023339820, vstest.console.dll, TestPluginCache.DiscoverTestExtensions: finding test extensions in assemblies ends with: TestLogger.dll TPluginInfo: Microsoft.VisualStudio.TestPlatform.Common.ExtensionFramework.Utilities.TestLoggerPluginInformation TExtension: Microsoft.VisualStudio.TestPlatform.ObjectModel.Client.ITestLogger
TpTrace Verbose: 0 : 980, 1, 2023/04/17, 21:06:28.416, 476023340528, vstest.console.dll, TestPluginCache.GetExtensionPaths: Filtered extension paths: 
TpTrace Verbose: 0 : 980, 1, 2023/04/17, 21:06:28.416, 476023340734, vstest.console.dll, TestPluginCache.GetExtensionPaths: Added default extension paths: C:\Program Files\dotnet\sdk\7.0.102\Extensions\Microsoft.Diagnostics.NETCore.Client.dll
C:\Program Files\dotnet\sdk\7.0.102\Extensions\Microsoft.TestPlatform.Extensions.BlameDataCollector.dll
C:\Program Files\dotnet\sdk\7.0.102\Extensions\Microsoft.TestPlatform.Extensions.EventLogCollector.dll
C:\Program Files\dotnet\sdk\7.0.102\Extensions\Microsoft.TestPlatform.TestHostRuntimeProvider.dll
C:\Program Files\dotnet\sdk\7.0.102\Extensions\Microsoft.VisualStudio.TestPlatform.Extensions.Html.TestLogger.dll
C:\Program Files\dotnet\sdk\7.0.102\Extensions\Microsoft.VisualStudio.TestPlatform.Extensions.Trx.TestLogger.dll
TpTrace Verbose: 0 : 980, 1, 2023/04/17, 21:06:28.416, 476023340905, vstest.console.dll, TestPluginCache.GetExtensionPaths: Added unfilterableExtensionPaths: 
TpTrace Information: 0 : 980, 1, 2023/04/17, 21:06:28.416, 476023341837, vstest.console.dll, AssemblyResolver.AddSearchDirectories: Adding more searchDirectories C:\Program Files\dotnet\sdk\7.0.102\Extensions,C:\Program Files\dotnet\sdk\7.0.102
TpTrace Verbose: 0 : 980, 1, 2023/04/17, 21:06:28.416, 476023342100, vstest.console.dll, TestPluginCache.DiscoverTestExtensions: Discovering the extensions using extension path.
TpTrace Verbose: 0 : 980, 1, 2023/04/17, 21:06:28.416, 476023342282, vstest.console.dll, TestPluginCache.GetExtensionPaths: Filtered extension paths: 
TpTrace Verbose: 0 : 980, 1, 2023/04/17, 21:06:28.416, 476023342459, vstest.console.dll, TestPluginCache.GetExtensionPaths: Added default extension paths: C:\Program Files\dotnet\sdk\7.0.102\Extensions\Microsoft.Diagnostics.NETCore.Client.dll
C:\Program Files\dotnet\sdk\7.0.102\Extensions\Microsoft.TestPlatform.Extensions.BlameDataCollector.dll
C:\Program Files\dotnet\sdk\7.0.102\Extensions\Microsoft.TestPlatform.Extensions.EventLogCollector.dll
C:\Program Files\dotnet\sdk\7.0.102\Extensions\Microsoft.TestPlatform.TestHostRuntimeProvider.dll
C:\Program Files\dotnet\sdk\7.0.102\Extensions\Microsoft.VisualStudio.TestPlatform.Extensions.Html.TestLogger.dll
C:\Program Files\dotnet\sdk\7.0.102\Extensions\Microsoft.VisualStudio.TestPlatform.Extensions.Trx.TestLogger.dll
TpTrace Verbose: 0 : 980, 1, 2023/04/17, 21:06:28.416, 476023342604, vstest.console.dll, TestPluginCache.GetExtensionPaths: Added unfilterableExtensionPaths: 
TpTrace Verbose: 0 : 980, 1, 2023/04/17, 21:06:28.416, 476023342781, vstest.console.dll, TestPluginCache.DiscoverTestExtensions: Discovering the extensions using allExtensionPaths: C:\Program Files\dotnet\sdk\7.0.102\Extensions\Microsoft.Diagnostics.NETCore.Client.dll
C:\Program Files\dotnet\sdk\7.0.102\Extensions\Microsoft.TestPlatform.Extensions.BlameDataCollector.dll
C:\Program Files\dotnet\sdk\7.0.102\Extensions\Microsoft.TestPlatform.Extensions.EventLogCollector.dll
C:\Program Files\dotnet\sdk\7.0.102\Extensions\Microsoft.TestPlatform.TestHostRuntimeProvider.dll
C:\Program Files\dotnet\sdk\7.0.102\Extensions\Microsoft.VisualStudio.TestPlatform.Extensions.Html.TestLogger.dll
C:\Program Files\dotnet\sdk\7.0.102\Extensions\Microsoft.VisualStudio.TestPlatform.Extensions.Trx.TestLogger.dll
TpTrace Information: 0 : 980, 1, 2023/04/17, 21:06:28.416, 476023343414, vstest.console.dll, AssemblyResolver.AddSearchDirectories: Adding more searchDirectories C:\Program Files\dotnet\sdk\7.0.102\Extensions,C:\Program Files\dotnet\sdk\7.0.102
TpTrace Information: 0 : 980, 1, 2023/04/17, 21:06:28.416, 476023343643, vstest.console.dll, AssemblyResolver.AddSearchDirectories: Adding more searchDirectories C:\Program Files\dotnet\sdk\7.0.102\Extensions,C:\Program Files\dotnet\sdk\7.0.102
TpTrace Information: 0 : 980, 1, 2023/04/17, 21:06:28.416, 476023343790, vstest.console.dll, AssemblyResolver.AddSearchDirectories: Adding more searchDirectories C:\Program Files\dotnet\sdk\7.0.102\Extensions,C:\Program Files\dotnet\sdk\7.0.102
TpTrace Information: 0 : 980, 1, 2023/04/17, 21:06:28.416, 476023343935, vstest.console.dll, AssemblyResolver.AddSearchDirectories: Adding more searchDirectories C:\Program Files\dotnet\sdk\7.0.102\Extensions,C:\Program Files\dotnet\sdk\7.0.102
TpTrace Information: 0 : 980, 1, 2023/04/17, 21:06:28.416, 476023344122, vstest.console.dll, AssemblyResolver.AddSearchDirectories: Adding more searchDirectories C:\Program Files\dotnet\sdk\7.0.102\Extensions,C:\Program Files\dotnet\sdk\7.0.102
TpTrace Information: 0 : 980, 1, 2023/04/17, 21:06:28.416, 476023344269, vstest.console.dll, AssemblyResolver.AddSearchDirectories: Adding more searchDirectories C:\Program Files\dotnet\sdk\7.0.102\Extensions,C:\Program Files\dotnet\sdk\7.0.102
TpTrace Verbose: 0 : 980, 1, 2023/04/17, 21:06:28.416, 476023344938, vstest.console.dll, MetadataReaderExtensionsHelper: Discovering extensions inside assembly 'Microsoft.Diagnostics.NETCore.Client, Version=0.2.6.42401, Culture=neutral, PublicKeyToken=31bf3856ad364e35' file path 'C:\Program Files\dotnet\sdk\7.0.102\Extensions\Microsoft.Diagnostics.NETCore.Client.dll'
TpTrace Information: 0 : 980, 1, 2023/04/17, 21:06:28.417, 476023351595, vstest.console.dll, AssemblyResolver.OnResolve: Microsoft.Bcl.AsyncInterfaces: Resolving assembly.
TpTrace Information: 0 : 980, 1, 2023/04/17, 21:06:28.417, 476023352024, vstest.console.dll, AssemblyResolver.OnResolve: Microsoft.Bcl.AsyncInterfaces: Resolved from cache.
TpTrace Verbose: 0 : 980, 1, 2023/04/17, 21:06:28.417, 476023352181, vstest.console.dll, CurrentDomainAssemblyResolve: Resolving assembly 'Microsoft.Bcl.AsyncInterfaces'.
TpTrace Information: 0 : 980, 1, 2023/04/17, 21:06:28.417, 476023352501, vstest.console.dll, AssemblyResolver.OnResolve: Microsoft.Bcl.AsyncInterfaces: Resolving assembly.
TpTrace Information: 0 : 980, 1, 2023/04/17, 21:06:28.417, 476023352646, vstest.console.dll, AssemblyResolver.OnResolve: Microsoft.Bcl.AsyncInterfaces: Resolved from cache.
TpTrace Verbose: 0 : 980, 1, 2023/04/17, 21:06:28.417, 476023352781, vstest.console.dll, CurrentDomainAssemblyResolve: Resolving assembly 'Microsoft.Bcl.AsyncInterfaces'.
TpTrace Verbose: 0 : 980, 1, 2023/04/17, 21:06:28.417, 476023352912, vstest.console.dll, CurrentDomainAssemblyResolve: Failed to resolve assembly 'Microsoft.Bcl.AsyncInterfaces'.
TpTrace Verbose: 0 : 980, 1, 2023/04/17, 21:06:28.417, 476023353961, vstest.console.dll, CurrentDomainAssemblyResolve: Failed to resolve assembly 'Microsoft.Bcl.AsyncInterfaces'.
TpTrace Warning: 0 : 980, 1, 2023/04/17, 21:06:28.417, 476023356169, vstest.console.dll, TestPluginDiscoverer: Failed to get types from assembly 'Microsoft.Diagnostics.NETCore.Client, Version=0.2.6.42401, Culture=neutral, PublicKeyToken=31bf3856ad364e35'. Error: System.Reflection.ReflectionTypeLoadException: Unable to load one or more of the requested types.
Could not load file or assembly 'Microsoft.Bcl.AsyncInterfaces, Version=1.0.0.0, Culture=neutral, PublicKeyToken=cc7b13ffcd2ddd51'. A rendszer nem találja a megadott fájlt.
   at System.Reflection.RuntimeModule.GetTypes(RuntimeModule module)
   at System.Reflection.Assembly.GetTypes()
   at Microsoft.VisualStudio.TestPlatform.Common.ExtensionFramework.TestPluginDiscoverer.GetTestExtensionsFromAssembly[TPluginInfo,TExtension](Assembly assembly, Dictionary`2 pluginInfos, String filePath)
System.IO.FileNotFoundException: Could not load file or assembly 'Microsoft.Bcl.AsyncInterfaces, Version=1.0.0.0, Culture=neutral, PublicKeyToken=cc7b13ffcd2ddd51'. A rendszer nem találja a megadott fájlt.
File name: 'Microsoft.Bcl.AsyncInterfaces, Version=1.0.0.0, Culture=neutral, PublicKeyToken=cc7b13ffcd2ddd51'
 ---> System.IO.FileNotFoundException: Could not load file or assembly 'Microsoft.Bcl.AsyncInterfaces, Culture=neutral, PublicKeyToken=null'. A rendszer nem találja a megadott fájlt.
File name: 'Microsoft.Bcl.AsyncInterfaces, Culture=neutral, PublicKeyToken=null'
   at System.Reflection.RuntimeAssembly.InternalLoad(AssemblyName assemblyName, StackCrawlMark& stackMark, AssemblyLoadContext assemblyLoadContext, RuntimeAssembly requestingAssembly, Boolean throwOnFileNotFound)
   at System.Reflection.Assembly.Load(AssemblyName assemblyRef)
   at Microsoft.VisualStudio.TestPlatform.Common.ExtensionFramework.TestPluginCache.CurrentDomainAssemblyResolve(Object sender, AssemblyResolveEventArgs args)
   at System.Runtime.Loader.AssemblyLoadContext.GetFirstResolvedAssemblyFromResolvingEvent(AssemblyName assemblyName)
   at System.Runtime.Loader.AssemblyLoadContext.ResolveUsingEvent(AssemblyName assemblyName)
   at System.Runtime.Loader.AssemblyLoadContext.ResolveUsingResolvingEvent(IntPtr gchManagedAssemblyLoadContext, AssemblyName assemblyName)
TpTrace Warning: 0 : 980, 1, 2023/04/17, 21:06:28.417, 476023357104, vstest.console.dll, LoaderExceptions: System.IO.FileNotFoundException: Could not load file or assembly 'Microsoft.Bcl.AsyncInterfaces, Version=1.0.0.0, Culture=neutral, PublicKeyToken=cc7b13ffcd2ddd51'. A rendszer nem találja a megadott fájlt.
File name: 'Microsoft.Bcl.AsyncInterfaces, Version=1.0.0.0, Culture=neutral, PublicKeyToken=cc7b13ffcd2ddd51'
 ---> System.IO.FileNotFoundException: Could not load file or assembly 'Microsoft.Bcl.AsyncInterfaces, Culture=neutral, PublicKeyToken=null'. A rendszer nem találja a megadott fájlt.
File name: 'Microsoft.Bcl.AsyncInterfaces, Culture=neutral, PublicKeyToken=null'
   at System.Reflection.RuntimeAssembly.InternalLoad(AssemblyName assemblyName, StackCrawlMark& stackMark, AssemblyLoadContext assemblyLoadContext, RuntimeAssembly requestingAssembly, Boolean throwOnFileNotFound)
   at System.Reflection.Assembly.Load(AssemblyName assemblyRef)
   at Microsoft.VisualStudio.TestPlatform.Common.ExtensionFramework.TestPluginCache.CurrentDomainAssemblyResolve(Object sender, AssemblyResolveEventArgs args)
   at System.Runtime.Loader.AssemblyLoadContext.GetFirstResolvedAssemblyFromResolvingEvent(AssemblyName assemblyName)
   at System.Runtime.Loader.AssemblyLoadContext.ResolveUsingEvent(AssemblyName assemblyName)
   at System.Runtime.Loader.AssemblyLoadContext.ResolveUsingResolvingEvent(IntPtr gchManagedAssemblyLoadContext, AssemblyName assemblyName)
TpTrace Verbose: 0 : 980, 1, 2023/04/17, 21:06:28.417, 476023357681, vstest.console.dll, MetadataReaderExtensionsHelper: Discovering extensions inside assembly 'Microsoft.TestPlatform.Extensions.BlameDataCollector, Version=15.0.0.0, Culture=neutral, PublicKeyToken=b03f5f7f11d50a3a' file path 'C:\Program Files\dotnet\sdk\7.0.102\Extensions\Microsoft.TestPlatform.Extensions.BlameDataCollector.dll'
TpTrace Information: 0 : 980, 1, 2023/04/17, 21:06:28.418, 476023361556, vstest.console.dll, GetTestExtensionFromType: Register extension with identifier data 'logger://Microsoft/TestPlatform/Extensions/Blame/v1' and type 'Microsoft.TestPlatform.Extensions.BlameDataCollector.BlameLogger, Microsoft.TestPlatform.Extensions.BlameDataCollector, Version=15.0.0.0, Culture=neutral, PublicKeyToken=b03f5f7f11d50a3a' inside file 'C:\Program Files\dotnet\sdk\7.0.102\Extensions\Microsoft.TestPlatform.Extensions.BlameDataCollector.dll'
TpTrace Verbose: 0 : 980, 1, 2023/04/17, 21:06:28.418, 476023362037, vstest.console.dll, MetadataReaderExtensionsHelper: Discovering extensions inside assembly 'Microsoft.TestPlatform.Extensions.EventLogCollector, Version=15.0.0.0, Culture=neutral, PublicKeyToken=b03f5f7f11d50a3a' file path 'C:\Program Files\dotnet\sdk\7.0.102\Extensions\Microsoft.TestPlatform.Extensions.EventLogCollector.dll'
TpTrace Verbose: 0 : 980, 1, 2023/04/17, 21:06:28.418, 476023364769, vstest.console.dll, MetadataReaderExtensionsHelper: Discovering extensions inside assembly 'Microsoft.TestPlatform.TestHostRuntimeProvider, Version=15.0.0.0, Culture=neutral, PublicKeyToken=b03f5f7f11d50a3a' file path 'C:\Program Files\dotnet\sdk\7.0.102\Extensions\Microsoft.TestPlatform.TestHostRuntimeProvider.dll'
TpTrace Verbose: 0 : 980, 1, 2023/04/17, 21:06:28.418, 476023367285, vstest.console.dll, MetadataReaderExtensionsHelper: Discovering extensions inside assembly 'Microsoft.VisualStudio.TestPlatform.Extensions.Html.TestLogger, Version=15.0.0.0, Culture=neutral, PublicKeyToken=b03f5f7f11d50a3a' file path 'C:\Program Files\dotnet\sdk\7.0.102\Extensions\Microsoft.VisualStudio.TestPlatform.Extensions.Html.TestLogger.dll'
TpTrace Information: 0 : 980, 1, 2023/04/17, 21:06:28.419, 476023371654, vstest.console.dll, GetTestExtensionFromType: Register extension with identifier data 'logger://Microsoft/TestPlatform/HtmlLogger/v1' and type 'Microsoft.VisualStudio.TestPlatform.Extensions.HtmlLogger.HtmlLogger, Microsoft.VisualStudio.TestPlatform.Extensions.Html.TestLogger, Version=15.0.0.0, Culture=neutral, PublicKeyToken=b03f5f7f11d50a3a' inside file 'C:\Program Files\dotnet\sdk\7.0.102\Extensions\Microsoft.VisualStudio.TestPlatform.Extensions.Html.TestLogger.dll'
TpTrace Verbose: 0 : 980, 1, 2023/04/17, 21:06:28.419, 476023372204, vstest.console.dll, MetadataReaderExtensionsHelper: Discovering extensions inside assembly 'Microsoft.VisualStudio.TestPlatform.Extensions.Trx.TestLogger, Version=15.0.0.0, Culture=neutral, PublicKeyToken=b03f5f7f11d50a3a' file path 'C:\Program Files\dotnet\sdk\7.0.102\Extensions\Microsoft.VisualStudio.TestPlatform.Extensions.Trx.TestLogger.dll'
TpTrace Information: 0 : 980, 1, 2023/04/17, 21:06:28.419, 476023376357, vstest.console.dll, GetTestExtensionFromType: Register extension with identifier data 'logger://Microsoft/TestPlatform/TrxLogger/v1' and type 'Microsoft.VisualStudio.TestPlatform.Extensions.TrxLogger.TrxLogger, Microsoft.VisualStudio.TestPlatform.Extensions.Trx.TestLogger, Version=15.0.0.0, Culture=neutral, PublicKeyToken=b03f5f7f11d50a3a' inside file 'C:\Program Files\dotnet\sdk\7.0.102\Extensions\Microsoft.VisualStudio.TestPlatform.Extensions.Trx.TestLogger.dll'
TpTrace Verbose: 0 : 980, 1, 2023/04/17, 21:06:28.419, 476023377072, vstest.console.dll, TestPluginCache: Discovered the extensions using extension path ''.
TpTrace Verbose: 0 : 980, 1, 2023/04/17, 21:06:28.419, 476023377266, vstest.console.dll, TestPluginCache: Discoverers are ''.
TpTrace Verbose: 0 : 980, 1, 2023/04/17, 21:06:28.419, 476023377397, vstest.console.dll, TestPluginCache: Executors are ''.
TpTrace Verbose: 0 : 980, 1, 2023/04/17, 21:06:28.419, 476023377521, vstest.console.dll, TestPluginCache: Executors2 are ''.
TpTrace Verbose: 0 : 980, 1, 2023/04/17, 21:06:28.419, 476023377647, vstest.console.dll, TestPluginCache: Setting providers are ''.
TpTrace Verbose: 0 : 980, 1, 2023/04/17, 21:06:28.419, 476023378065, vstest.console.dll, TestPluginCache: Loggers are 'logger://Microsoft/TestPlatform/Extensions/Blame/v1,logger://Microsoft/TestPlatform/HtmlLogger/v1,logger://Microsoft/TestPlatform/TrxLogger/v1'.
TpTrace Verbose: 0 : 980, 1, 2023/04/17, 21:06:28.419, 476023378308, vstest.console.dll, TestPluginCache: TestHosts are 'HostProvider://DefaultTestHost,HostProvider://DotnetTestHost'.
TpTrace Verbose: 0 : 980, 1, 2023/04/17, 21:06:28.419, 476023378452, vstest.console.dll, TestPluginCache: DataCollectors are ''.
TpTrace Information: 0 : 980, 1, 2023/04/17, 21:06:28.420, 476023384502, vstest.console.dll, TestPluginManager.CreateTestExtension: Attempting to load test extension: Microsoft.TestPlatform.Extensions.BlameDataCollector.BlameLogger
TpTrace Verbose: 0 : 980, 1, 2023/04/17, 21:06:28.427, 476023455854, vstest.console.dll, TestEngine: Initializing Parallel Execution as MaxCpuCount is set to: 1
TpTrace Information: 0 : 980, 1, 2023/04/17, 21:06:28.428, 476023468075, vstest.console.dll, TestPluginManager.CreateTestExtension: Attempting to load test extension: Microsoft.VisualStudio.TestPlatform.CrossPlatEngine.Hosting.DefaultTestHostManager
TpTrace Information: 0 : 980, 1, 2023/04/17, 21:06:28.429, 476023474538, vstest.console.dll, TestPluginManager.CreateTestExtension: Attempting to load test extension: Microsoft.VisualStudio.TestPlatform.CrossPlatEngine.Hosting.DotnetTestHostManager
TpTrace Information: 0 : 980, 1, 2023/04/17, 21:06:28.429, 476023478531, vstest.console.dll, InferRunSettingsHelper.IsTestSettingsEnabled: Unable to navigate to RunSettings/MSTest. Current node: RunSettings
TpTrace Verbose: 0 : 980, 1, 2023/04/17, 21:06:28.432, 476023505493, vstest.console.dll, TestEngine.GetExecutionManager: Chosen execution manager 'Microsoft.VisualStudio.TestPlatform.CrossPlatEngine.Client.Parallel.ParallelProxyExecutionManager, Microsoft.TestPlatform.CrossPlatEngine, Version=15.0.0.0, Culture=neutral, PublicKeyToken=b03f5f7f11d50a3a' ParallelLevel '1'.
TpTrace Verbose: 0 : 980, 1, 2023/04/17, 21:06:28.432, 476023506387, vstest.console.dll, TestRunRequest.ExecuteAsync: Creating test run request.
TpTrace Verbose: 0 : 980, 1, 2023/04/17, 21:06:28.432, 476023507778, vstest.console.dll, TestRunRequest.ExecuteAsync: Starting.
TpTrace Information: 0 : 980, 1, 2023/04/17, 21:06:28.433, 476023509423, vstest.console.dll, TestRunRequest.ExecuteAsync: Starting run with settings:TestRunCriteria:
   KeepAlive=False,FrequencyOfRunStatsChangeEvent=10,RunStatsChangeEventTimeout=00:00:01.5000000,TestCaseFilter=,TestExecutorLauncher=
   Settingsxml=<RunSettings>
  <RunConfiguration>
    <ResultsDirectory>C:\Users\vszto\source\repos\vastamaa\Szakdolgozat\BookStore.API.Service.Tests\bin\Debug\net6.0\fine-code-coverage\coverage-tool-output</ResultsDirectory>
    <TargetPlatform>X64</TargetPlatform>
    <TargetFrameworkVersion>.NETCoreApp,Version=v6.0</TargetFrameworkVersion>
    <DesignMode>False</DesignMode>
    <CollectSourceInformation>False</CollectSourceInformation>
  </RunConfiguration>
  <LoggerRunSettings>
    <Loggers>
      <Logger friendlyName="blame" enabled="True" />
      <Logger friendlyName="Console" uri="logger://microsoft/TestPlatform/ConsoleLogger/v1" assemblyQualifiedName="Microsoft.VisualStudio.TestPlatform.CommandLine.Internal.ConsoleLogger, vstest.console, Version=15.0.0.0, Culture=neutral, PublicKeyToken=b03f5f7f11d50a3a" codeBase="C:\Program Files\dotnet\sdk\7.0.102\vstest.console.dll" enabled="True" />
    </Loggers>
  </LoggerRunSettings>
  <DataCollectionRunSettings>
    <DataCollectors>
      <DataCollector friendlyName="blame" enabled="True">
        <Configuration>
          <ResultsDirectory>C:\Users\vszto\source\repos\vastamaa\Szakdolgozat\BookStore.API.Service.Tests\bin\Debug\net6.0\fine-code-coverage\coverage-tool-output</ResultsDirectory>
        </Configuration>
      </DataCollector>
    </DataCollectors>
  </DataCollectionRunSettings>
</RunSettings>

TpTrace Verbose: 0 : 980, 1, 2023/04/17, 21:06:28.433, 476023509734, vstest.console.dll, TestRunRequest.ExecuteAsync: Wait for the first run request is over.
TpTrace Verbose: 0 : 980, 1, 2023/04/17, 21:06:28.433, 476023511319, vstest.console.dll, MulticastDelegateUtilities.SafeInvoke: TestRun.TestRunStart: Invoking callbacks was skipped because there are no subscribers.
TpTrace Verbose: 0 : 980, 4, 2023/04/17, 21:06:28.433, 476023512927, vstest.console.dll, MulticastDelegateUtilities.SafeInvoke: InternalTestLoggerEvents.SendTestRunStart: Invoking callback 1/1 for Microsoft.VisualStudio.TestPlatform.CommandLine.Internal.ConsoleLogger., took 0 ms.
TpTrace Verbose: 0 : 980, 1, 2023/04/17, 21:06:28.433, 476023518340, vstest.console.dll, ParallelProxyExecutionManager: Start execution. Total sources: 1
TpTrace Verbose: 0 : 980, 1, 2023/04/17, 21:06:28.435, 476023529655, vstest.console.dll, TestRequestSender is acting as server.
TpTrace Verbose: 0 : 980, 1, 2023/04/17, 21:06:28.435, 476023537439, vstest.console.dll, DataCollectionRequestSender.InitializeCommunication : Initialize communication. 
TpTrace Information: 0 : 980, 1, 2023/04/17, 21:06:28.438, 476023561123, vstest.console.dll, Listening on Endpoint : 127.0.0.1:58516
TpTrace Verbose: 0 : 980, 1, 2023/04/17, 21:06:28.442, 476023606141, vstest.console.dll, DotnetDataCollectionLauncher: Adding  --runtimeconfig "C:\Program Files\dotnet\sdk\7.0.102\datacollector.runtimeconfig.json" in args
TpTrace Verbose: 0 : 980, 1, 2023/04/17, 21:06:28.442, 476023607967, vstest.console.dll, DotnetDataCollectionLauncher: Adding  --depsfile "C:\Program Files\dotnet\sdk\7.0.102\datacollector.deps.json" in args
TpTrace Verbose: 0 : 980, 1, 2023/04/17, 21:06:28.442, 476023608869, vstest.console.dll, DotnetDataCollectionLauncher: Full path of dotnet.exe is C:\Program Files\dotnet\dotnet.exe
TpTrace Information: 0 : 980, 1, 2023/04/17, 21:06:28.447, 476023650704, vstest.console.dll, ProxyDataCollectionManager.Initialize: Launched datacollector processId: 11532 port: 58516
TpTrace Information: 0 : 980, 1, 2023/04/17, 21:06:28.447, 476023651873, vstest.console.dll, ProxyDataCollectionManager.Initialize: waiting for connection with timeout: 90 seconds
TpTrace Verbose: 0 : 980, 1, 2023/04/17, 21:06:28.447, 476023652334, vstest.console.dll, DataCollectionRequestSender.WaitForRequestHandlerConnection : Waiting for connection with timeout: 90000
TpTrace Information: 0 : 980, 7, 2023/04/17, 21:06:28.545, 476024634929, vstest.console.dll, Using the buffer size of 16384 bytes
TpTrace Verbose: 0 : 980, 1, 2023/04/17, 21:06:28.545, 476024635069, vstest.console.dll, SocketCommunicationManager.WaitForClientConnection took: 98 ms, with 90000 ms timeout, and finished with True.
TpTrace Information: 0 : 980, 7, 2023/04/17, 21:06:28.545, 476024635826, vstest.console.dll, Accepted Client request and set the flag
TpTrace Verbose: 0 : 980, 1, 2023/04/17, 21:06:28.545, 476024636679, vstest.console.dll, ProxyDataCollectionManager.InvokeDataCollectionServiceAction: Starting.
TpTrace Information: 0 : 980, 1, 2023/04/17, 21:06:28.545, 476024637121, vstest.console.dll, ProxyDataCollectionManager.BeforeTestRunStart: Get environment variable and port for datacollector processId: 11532 port: 58516
TpTrace Verbose: 0 : 980, 1, 2023/04/17, 21:06:28.545, 476024637765, vstest.console.dll, DataCollectionRequestSender.SendBeforeTestRunStartAndGetResult: Send BeforeTestRunStart message with settingsXml <RunSettings><RunConfiguration><ResultsDirectory>C:\Users\vszto\source\repos\vastamaa\Szakdolgozat\BookStore.API.Service.Tests\bin\Debug\net6.0\fine-code-coverage\coverage-tool-output</ResultsDirectory><TargetPlatform>X64</TargetPlatform><TargetFrameworkVersion>.NETCoreApp,Version=v6.0</TargetFrameworkVersion><DesignMode>False</DesignMode><CollectSourceInformation>False</CollectSourceInformation><TestAdaptersPaths>C:\Program Files\dotnet\sdk\7.0.102\Extensions</TestAdaptersPaths></RunConfiguration><LoggerRunSettings><Loggers><Logger friendlyName="blame" enabled="True" /><Logger friendlyName="Console" uri="logger://microsoft/TestPlatform/ConsoleLogger/v1" assemblyQualifiedName="Microsoft.VisualStudio.TestPlatform.CommandLine.Internal.ConsoleLogger, vstest.console, Version=15.0.0.0, Culture=neutral, PublicKeyToken=b03f5f7f11d50a3a" codeBase="C:\Program Files\dotnet\sdk\7.0.102\vstest.console.dll" enabled="True" /></Loggers></LoggerRunSettings><DataCollectionRunSettings><DataCollectors><DataCollector friendlyName="blame" enabled="True"><Configuration><ResultsDirectory>C:\Users\vszto\source\repos\vastamaa\Szakdolgozat\BookStore.API.Service.Tests\bin\Debug\net6.0\fine-code-coverage\coverage-tool-output</ResultsDirectory></Configuration></DataCollector></DataCollectors></DataCollectionRunSettings></RunSettings> and sources System.Collections.Generic.List`1[System.String]: 
TpTrace Verbose: 0 : 980, 1, 2023/04/17, 21:06:28.605, 476025234906, vstest.console.dll, DataCollectionRequestSender.SendBeforeTestRunStartAndGetResult: Received message: (DataCollection.SendMessage) -> {"MessageType":"DataCollection.SendMessage","Payload":{"FriendlyName":null,"Uri":null,"TestCaseId":"00000000-0000-0000-0000-000000000000","Message":"Logging DataCollector Diagnostics in file: C:\\Users\\vszto\\source\\repos\\vastamaa\\Szakdolgozat\\BookStore.API.Service.Tests\\bin\\Debug\\net6.0\\fine-code-coverage\\coverage-tool-output\\diagnostics.datacollector.23-04-17_21-06-28_44240_1.log","Level":0}}
TpTrace Verbose: 0 : 980, 1, 2023/04/17, 21:06:28.658, 476025760839, vstest.console.dll, DataCollectionRequestSender.SendBeforeTestRunStartAndGetResult: Received message: (DataCollection.BeforeTestRunStartResult) -> {"MessageType":"DataCollection.BeforeTestRunStartResult","Payload":{"EnvironmentVariables":{},"DataCollectionEventsPort":58518}}
TpTrace Information: 0 : 980, 1, 2023/04/17, 21:06:28.661, 476025797855, vstest.console.dll, ProxyDataCollectionManager.BeforeTestRunStart: SendBeforeTestRunStartAndGetResult successful, env variable from datacollector:   and testhost port: 58518
TpTrace Information: 0 : 980, 1, 2023/04/17, 21:06:28.661, 476025798552, vstest.console.dll, ProxyDataCollectionManager.InvokeDataCollectionServiceAction: Completed.
TpTrace Verbose: 0 : 980, 1, 2023/04/17, 21:06:28.662, 476025799611, vstest.console.dll, ProxyParallelExecutionManager: No sources available for execution.
TpTrace Verbose: 0 : 980, 7, 2023/04/17, 21:06:28.662, 476025799680, vstest.console.dll, ParallelProxyExecutionManager: Execution started. Started clients: 1
TpTrace Information: 0 : 980, 1, 2023/04/17, 21:06:28.662, 476025799915, vstest.console.dll, TestRunRequest.ExecuteAsync: Started.
TpTrace Verbose: 0 : 980, 1, 2023/04/17, 21:06:28.662, 476025800626, vstest.console.dll, TestRunRequest.WaitForCompletion: Waiting with timeout -1.
TpTrace Verbose: 0 : 980, 7, 2023/04/17, 21:06:28.662, 476025801517, vstest.console.dll, TestRunRequest:SendTestRunMessage: Starting.
TpTrace Verbose: 0 : 980, 7, 2023/04/17, 21:06:28.662, 476025802393, vstest.console.dll, MulticastDelegateUtilities.SafeInvoke: TestRun.LogMessages: Invoking callback 1/1 for Microsoft.VisualStudio.TestPlatform.CommandLine.TestRunResultAggregator., took 0 ms.
TpTrace Information: 0 : 980, 7, 2023/04/17, 21:06:28.662, 476025802580, vstest.console.dll, TestRunRequest:SendTestRunMessage: Completed.
TpTrace Verbose: 0 : 980, 7, 2023/04/17, 21:06:28.662, 476025803598, vstest.console.dll, ProxyExecutionManager: Test host is always Lazy initialize.
TpTrace Verbose: 0 : 980, 4, 2023/04/17, 21:06:28.662, 476025803900, vstest.console.dll, MulticastDelegateUtilities.SafeInvoke: InternalTestLoggerEvents.SendTestRunMessage: Invoking callback 1/1 for Microsoft.VisualStudio.TestPlatform.CommandLine.Internal.ConsoleLogger., took 0 ms.
TpTrace Verbose: 0 : 980, 7, 2023/04/17, 21:06:28.662, 476025805141, vstest.console.dll, TestRequestSender.InitializeCommunication: initialize communication. 
TpTrace Information: 0 : 980, 7, 2023/04/17, 21:06:28.663, 476025809581, vstest.console.dll, SocketServer.Start: Listening on endpoint : 127.0.0.1:58519
TpTrace Verbose: 0 : 980, 7, 2023/04/17, 21:06:28.663, 476025814489, vstest.console.dll, DotnetTestHostmanager.GetTestHostProcessStartInfo: Platform environment 'X64' target architecture 'X64' framework '.NETCoreApp,Version=v6.0' OS 'Windows'
TpTrace Verbose: 0 : 980, 7, 2023/04/17, 21:06:28.663, 476025815970, vstest.console.dll, DotnetTestHostmanager: Adding  --runtimeconfig "C:\Users\vszto\source\repos\vastamaa\Szakdolgozat\BookStore.API.Service.Tests\bin\Debug\net6.0\fine-code-coverage\build-output\BookStore.API.Service.Tests.runtimeconfig.json" in args
TpTrace Verbose: 0 : 980, 7, 2023/04/17, 21:06:28.663, 476025816610, vstest.console.dll, DotnetTestHostmanager: Adding  --depsfile "C:\Users\vszto\source\repos\vastamaa\Szakdolgozat\BookStore.API.Service.Tests\bin\Debug\net6.0\fine-code-coverage\build-output\BookStore.API.Service.Tests.deps.json" in args
TpTrace Verbose: 0 : 980, 7, 2023/04/17, 21:06:28.663, 476025817637, vstest.console.dll, DotnetTestHostmanager.IsWinOnArm: Current PROCESSOR_ARCHITECTURE from environment variable 'AMD64'
TpTrace Verbose: 0 : 980, 7, 2023/04/17, 21:06:28.663, 476025817964, vstest.console.dll, DotnetTestHostmanager.IsWinOnArm: Is Windows on ARM 'False'
TpTrace Verbose: 0 : 980, 7, 2023/04/17, 21:06:28.663, 476025818489, vstest.console.dll, DotnetTestHostManager: testhost.exe found at path: C:\Users\vszto\source\repos\vastamaa\Szakdolgozat\BookStore.API.Service.Tests\bin\Debug\net6.0\fine-code-coverage\build-output\testhost.exe
TpTrace Verbose: 0 : 980, 7, 2023/04/17, 21:06:28.663, 476025818702, vstest.console.dll, DotnetTestHostmanager: Full path of host exe is C:\Users\vszto\source\repos\vastamaa\Szakdolgozat\BookStore.API.Service.Tests\bin\Debug\net6.0\fine-code-coverage\build-output\testhost.exe
TpTrace Verbose: 0 : 980, 7, 2023/04/17, 21:06:28.664, 476025819454, vstest.console.dll, DotnetTestHostmanager.LaunchTestHostAsync: Found 'VSTEST_WINAPPHOST_DOTNET_ROOT' in env variables, value 'C:\Program Files\dotnet', forwarding to 'DOTNET_ROOT'
TpTrace Verbose: 0 : 980, 7, 2023/04/17, 21:06:28.664, 476025820376, vstest.console.dll, DotnetTestHostManager: Starting process 'C:\Users\vszto\source\repos\vastamaa\Szakdolgozat\BookStore.API.Service.Tests\bin\Debug\net6.0\fine-code-coverage\build-output\testhost.exe' with command line ' --runtimeconfig "C:\Users\vszto\source\repos\vastamaa\Szakdolgozat\BookStore.API.Service.Tests\bin\Debug\net6.0\fine-code-coverage\build-output\BookStore.API.Service.Tests.runtimeconfig.json" --depsfile "C:\Users\vszto\source\repos\vastamaa\Szakdolgozat\BookStore.API.Service.Tests\bin\Debug\net6.0\fine-code-coverage\build-output\BookStore.API.Service.Tests.deps.json" --port 58519 --endpoint 127.0.0.1:058519 --role client --parentprocessid 980 --diag "C:\Users\vszto\source\repos\vastamaa\Szakdolgozat\BookStore.API.Service.Tests\bin\Debug\net6.0\fine-code-coverage\coverage-tool-output\diagnostics.host.23-04-17_21-06-28_66328_7.log" --tracelevel 4 --datacollectionport 58518 --telemetryoptedin false'
TpTrace Verbose: 0 : 980, 7, 2023/04/17, 21:06:28.670, 476025883001, vstest.console.dll, MulticastDelegateUtilities.SafeInvoke: HostProviderEvents.OnHostLaunched: Invoking callback 1/2 for Microsoft.VisualStudio.TestPlatform.CrossPlatEngine.Client.ProxyExecutionManagerWithDataCollection., took 0 ms.
TpTrace Verbose: 0 : 980, 7, 2023/04/17, 21:06:28.670, 476025885102, vstest.console.dll, Test Runtime launched
TpTrace Verbose: 0 : 980, 7, 2023/04/17, 21:06:28.670, 476025885510, vstest.console.dll, MulticastDelegateUtilities.SafeInvoke: HostProviderEvents.OnHostLaunched: Invoking callback 2/2 for Microsoft.VisualStudio.TestPlatform.CrossPlatEngine.Client.ProxyOperationManager., took 0 ms.
TpTrace Verbose: 0 : 980, 7, 2023/04/17, 21:06:28.670, 476025886434, vstest.console.dll, TestRequestSender.WaitForRequestHandlerConnection: waiting for connection with timeout: 90000.
TpTrace Verbose: 0 : 980, 10, 2023/04/17, 21:06:28.773, 476026914044, vstest.console.dll, MulticastDelegateUtilities.SafeInvoke: SocketServer: ClientConnected: Invoking callback 1/1 for Microsoft.VisualStudio.TestPlatform.CommunicationUtilities.TestRequestSender., took 0 ms.
TpTrace Verbose: 0 : 980, 7, 2023/04/17, 21:06:28.773, 476026914044, vstest.console.dll, TestRequestSender.WaitForRequestHandlerConnection: waiting took 102 ms, with timeout 90000 ms, and result 0, which is success.
TpTrace Verbose: 0 : 980, 10, 2023/04/17, 21:06:28.773, 476026914795, vstest.console.dll, SocketServer.OnClientConnected: Client connected for endPoint: 127.0.0.1:58519, starting MessageLoopAsync:
TpTrace Verbose: 0 : 980, 10, 2023/04/17, 21:06:28.773, 476026917472, vstest.console.dll, TcpClientExtensions.MessageLoopAsync: Polling on remoteEndPoint: 127.0.0.1:58520 localEndPoint: 127.0.0.1:58519
TpTrace Verbose: 0 : 980, 7, 2023/04/17, 21:06:28.774, 476026920525, vstest.console.dll, TestRequestSender.CheckVersionWithTestHost: Sending check version message: {"MessageType":"ProtocolVersion","Payload":7}
TpTrace Verbose: 0 : 980, 10, 2023/04/17, 21:06:28.865, 476027837847, vstest.console.dll, TcpClientExtensions.MessageLoopAsync: NotifyDataAvailable remoteEndPoint: 127.0.0.1:58520 localEndPoint: 127.0.0.1:58519
TpTrace Verbose: 0 : 980, 10, 2023/04/17, 21:06:28.866, 476027839617, vstest.console.dll, TestRequestSender.CheckVersionWithTestHost: onMessageReceived received message: (ProtocolVersion) -> {"MessageType":"ProtocolVersion","Payload":7}
TpTrace Verbose: 0 : 980, 10, 2023/04/17, 21:06:28.866, 476027844756, vstest.console.dll, MulticastDelegateUtilities.SafeInvoke: LengthPrefixCommunicationChannel: MessageReceived: Invoking callback 1/1 for Microsoft.VisualStudio.TestPlatform.CommunicationUtilities.TestRequestSender+<>c__DisplayClass26_0., took 0 ms.
TpTrace Verbose: 0 : 980, 10, 2023/04/17, 21:06:28.866, 476027845382, vstest.console.dll, TcpClientExtensions.MessageLoopAsync: Polling on remoteEndPoint: 127.0.0.1:58520 localEndPoint: 127.0.0.1:58519
TpTrace Verbose: 0 : 980, 7, 2023/04/17, 21:06:28.866, 476027846118, vstest.console.dll, TestPluginCache.GetExtensionPaths: Filtered extension paths: 
TpTrace Verbose: 0 : 980, 7, 2023/04/17, 21:06:28.866, 476027846538, vstest.console.dll, TestPluginCache.GetExtensionPaths: Added default extension paths: C:\Program Files\dotnet\sdk\7.0.102\Extensions\Microsoft.Diagnostics.NETCore.Client.dll
C:\Program Files\dotnet\sdk\7.0.102\Extensions\Microsoft.TestPlatform.Extensions.BlameDataCollector.dll
C:\Program Files\dotnet\sdk\7.0.102\Extensions\Microsoft.TestPlatform.Extensions.EventLogCollector.dll
C:\Program Files\dotnet\sdk\7.0.102\Extensions\Microsoft.TestPlatform.TestHostRuntimeProvider.dll
C:\Program Files\dotnet\sdk\7.0.102\Extensions\Microsoft.VisualStudio.TestPlatform.Extensions.Html.TestLogger.dll
C:\Program Files\dotnet\sdk\7.0.102\Extensions\Microsoft.VisualStudio.TestPlatform.Extensions.Trx.TestLogger.dll
TpTrace Verbose: 0 : 980, 7, 2023/04/17, 21:06:28.866, 476027846762, vstest.console.dll, TestPluginCache.GetExtensionPaths: Added unfilterableExtensionPaths: 
TpTrace Verbose: 0 : 980, 7, 2023/04/17, 21:06:28.868, 476027865762, vstest.console.dll, TestRequestSender.InitializeExecution: Sending initialize execution with message: {"Version":7,"MessageType":"TestExecution.Initialize","Payload":["C:\\Users\\vszto\\source\\repos\\vastamaa\\Szakdolgozat\\BookStore.API.Service.Tests\\bin\\Debug\\net6.0\\fine-code-coverage\\build-output\\xunit.runner.visualstudio.dotnetcore.testadapter.dll"]}
TpTrace Warning: 0 : 980, 7, 2023/04/17, 21:06:28.868, 476027868410, vstest.console.dll, InferRunSettingsHelper.MakeRunsettingsCompatible: Removing the following settings: TargetPlatform from RunSettings file. To use those settings please move to latest version of Microsoft.NET.Test.Sdk
TpTrace Verbose: 0 : 980, 10, 2023/04/17, 21:06:28.869, 476027872662, vstest.console.dll, TcpClientExtensions.MessageLoopAsync: NotifyDataAvailable remoteEndPoint: 127.0.0.1:58520 localEndPoint: 127.0.0.1:58519
TpTrace Verbose: 0 : 980, 10, 2023/04/17, 21:06:28.869, 476027874787, vstest.console.dll, TestRequestSender.OnExecutionMessageReceived: Received message: {"Version":7,"MessageType":"TestSession.Message","Payload":{"MessageLevel":0,"Message":"Logging TestHost Diagnostics in file: C:\\Users\\vszto\\source\\repos\\vastamaa\\Szakdolgozat\\BookStore.API.Service.Tests\\bin\\Debug\\net6.0\\fine-code-coverage\\coverage-tool-output\\diagnostics.host.23-04-17_21-06-28_66328_7.log"}}
TpTrace Verbose: 0 : 980, 10, 2023/04/17, 21:06:28.875, 476027939036, vstest.console.dll, TestRunRequest:SendTestRunMessage: Starting.
TpTrace Verbose: 0 : 980, 10, 2023/04/17, 21:06:28.876, 476027940428, vstest.console.dll, MulticastDelegateUtilities.SafeInvoke: TestRun.LogMessages: Invoking callback 1/1 for Microsoft.VisualStudio.TestPlatform.CommandLine.TestRunResultAggregator., took 0 ms.
TpTrace Information: 0 : 980, 10, 2023/04/17, 21:06:28.876, 476027940738, vstest.console.dll, TestRunRequest:SendTestRunMessage: Completed.
TpTrace Verbose: 0 : 980, 4, 2023/04/17, 21:06:28.876, 476027940716, vstest.console.dll, MulticastDelegateUtilities.SafeInvoke: InternalTestLoggerEvents.SendTestRunMessage: Invoking callback 1/1 for Microsoft.VisualStudio.TestPlatform.CommandLine.Internal.ConsoleLogger., took 0 ms.
TpTrace Verbose: 0 : 980, 10, 2023/04/17, 21:06:28.876, 476027940947, vstest.console.dll, MulticastDelegateUtilities.SafeInvoke: LengthPrefixCommunicationChannel: MessageReceived: Invoking callback 1/1 for Microsoft.VisualStudio.TestPlatform.CommunicationUtilities.TestRequestSender+<>c__DisplayClass31_0., took 6 ms.
TpTrace Verbose: 0 : 980, 10, 2023/04/17, 21:06:28.876, 476027943423, vstest.console.dll, TcpClientExtensions.MessageLoopAsync: Polling on remoteEndPoint: 127.0.0.1:58520 localEndPoint: 127.0.0.1:58519
TpTrace Verbose: 0 : 980, 7, 2023/04/17, 21:06:28.879, 476027973447, vstest.console.dll, TestRequestSender.StartTestRun: Sending test run with message: {"Version":7,"MessageType":"TestExecution.StartWithSources","Payload":{"AdapterSourceMap":{"_none_":["C:\\Users\\vszto\\source\\repos\\vastamaa\\Szakdolgozat\\BookStore.API.Service.Tests\\bin\\Debug\\net6.0\\fine-code-coverage\\build-output\\BookStore.API.Service.Tests.dll"]},"RunSettings":"<RunSettings>\r\n  <RunConfiguration>\r\n    <ResultsDirectory>C:\\Users\\vszto\\source\\repos\\vastamaa\\Szakdolgozat\\BookStore.API.Service.Tests\\bin\\Debug\\net6.0\\fine-code-coverage\\coverage-tool-output</ResultsDirectory>\r\n    <TargetFrameworkVersion>.NETCoreApp,Version=v6.0</TargetFrameworkVersion>\r\n    <DesignMode>False</DesignMode>\r\n    <CollectSourceInformation>False</CollectSourceInformation>\r\n  </RunConfiguration>\r\n  <LoggerRunSettings>\r\n    <Loggers>\r\n      <Logger friendlyName=\"blame\" enabled=\"True\" />\r\n      <Logger friendlyName=\"Console\" uri=\"logger://microsoft/TestPlatform/ConsoleLogger/v1\" assemblyQualifiedName=\"Microsoft.VisualStudio.TestPlatform.CommandLine.Internal.ConsoleLogger, vstest.console, Version=15.0.0.0, Culture=neutral, PublicKeyToken=b03f5f7f11d50a3a\" codeBase=\"C:\\Program Files\\dotnet\\sdk\\7.0.102\\vstest.console.dll\" enabled=\"True\" />\r\n    </Loggers>\r\n  </LoggerRunSettings>\r\n  <DataCollectionRunSettings>\r\n    <DataCollectors>\r\n      <DataCollector friendlyName=\"blame\" enabled=\"True\">\r\n        <Configuration>\r\n          <ResultsDirectory>C:\\Users\\vszto\\source\\repos\\vastamaa\\Szakdolgozat\\BookStore.API.Service.Tests\\bin\\Debug\\net6.0\\fine-code-coverage\\coverage-tool-output</ResultsDirectory>\r\n        </Configuration>\r\n      </DataCollector>\r\n    </DataCollectors>\r\n  </DataCollectionRunSettings>\r\n</RunSettings>","TestExecutionContext":{"FrequencyOfRunStatsChangeEvent":10,"RunStatsChangeEventTimeout":"00:00:01.5000000","InIsolation":false,"KeepAlive":false,"AreTestCaseLevelEventsRequired":false,"IsDebug":false,"TestCaseFilter":null,"FilterOptions":null},"Package":null}}
TpTrace Verbose: 0 : 980, 10, 2023/04/17, 21:06:28.980, 476028985038, vstest.console.dll, TcpClientExtensions.MessageLoopAsync: NotifyDataAvailable remoteEndPoint: 127.0.0.1:58520 localEndPoint: 127.0.0.1:58519
TpTrace Verbose: 0 : 980, 10, 2023/04/17, 21:06:28.980, 476028986366, vstest.console.dll, TestRequestSender.OnExecutionMessageReceived: Received message: {"Version":7,"MessageType":"TestSession.Message","Payload":{"MessageLevel":0,"Message":"[xUnit.net 00:00:00.00] xUnit.net VSTest Adapter v2.4.5+1caef2f33e (64-bit .NET 6.0.13)"}}
TpTrace Verbose: 0 : 980, 10, 2023/04/17, 21:06:28.980, 476028988565, vstest.console.dll, TestRunRequest:SendTestRunMessage: Starting.
TpTrace Verbose: 0 : 980, 10, 2023/04/17, 21:06:28.980, 476028988981, vstest.console.dll, MulticastDelegateUtilities.SafeInvoke: TestRun.LogMessages: Invoking callback 1/1 for Microsoft.VisualStudio.TestPlatform.CommandLine.TestRunResultAggregator., took 0 ms.
TpTrace Information: 0 : 980, 10, 2023/04/17, 21:06:28.980, 476028989121, vstest.console.dll, TestRunRequest:SendTestRunMessage: Completed.
TpTrace Verbose: 0 : 980, 10, 2023/04/17, 21:06:28.981, 476028989260, vstest.console.dll, MulticastDelegateUtilities.SafeInvoke: LengthPrefixCommunicationChannel: MessageReceived: Invoking callback 1/1 for Microsoft.VisualStudio.TestPlatform.CommunicationUtilities.TestRequestSender+<>c__DisplayClass31_0., took 0 ms.
TpTrace Verbose: 0 : 980, 10, 2023/04/17, 21:06:28.981, 476028989448, vstest.console.dll, TcpClientExtensions.MessageLoopAsync: Polling on remoteEndPoint: 127.0.0.1:58520 localEndPoint: 127.0.0.1:58519
TpTrace Verbose: 0 : 980, 4, 2023/04/17, 21:06:28.981, 476028989397, vstest.console.dll, MulticastDelegateUtilities.SafeInvoke: InternalTestLoggerEvents.SendTestRunMessage: Invoking callback 1/1 for Microsoft.VisualStudio.TestPlatform.CommandLine.Internal.ConsoleLogger., took 0 ms.
TpTrace Verbose: 0 : 980, 10, 2023/04/17, 21:06:29.360, 476032786648, vstest.console.dll, TcpClientExtensions.MessageLoopAsync: NotifyDataAvailable remoteEndPoint: 127.0.0.1:58520 localEndPoint: 127.0.0.1:58519
TpTrace Verbose: 0 : 980, 10, 2023/04/17, 21:06:29.360, 476032788278, vstest.console.dll, TestRequestSender.OnExecutionMessageReceived: Received message: {"Version":7,"MessageType":"TestSession.Message","Payload":{"MessageLevel":0,"Message":"[xUnit.net 00:00:00.38]   Discovering: BookStore.API.Service.Tests"}}
TpTrace Verbose: 0 : 980, 10, 2023/04/17, 21:06:29.361, 476032789490, vstest.console.dll, TestRunRequest:SendTestRunMessage: Starting.
TpTrace Verbose: 0 : 980, 10, 2023/04/17, 21:06:29.361, 476032789889, vstest.console.dll, MulticastDelegateUtilities.SafeInvoke: TestRun.LogMessages: Invoking callback 1/1 for Microsoft.VisualStudio.TestPlatform.CommandLine.TestRunResultAggregator., took 0 ms.
TpTrace Information: 0 : 980, 10, 2023/04/17, 21:06:29.361, 476032790077, vstest.console.dll, TestRunRequest:SendTestRunMessage: Completed.
TpTrace Verbose: 0 : 980, 10, 2023/04/17, 21:06:29.361, 476032790338, vstest.console.dll, MulticastDelegateUtilities.SafeInvoke: LengthPrefixCommunicationChannel: MessageReceived: Invoking callback 1/1 for Microsoft.VisualStudio.TestPlatform.CommunicationUtilities.TestRequestSender+<>c__DisplayClass31_0., took 0 ms.
TpTrace Verbose: 0 : 980, 10, 2023/04/17, 21:06:29.361, 476032790549, vstest.console.dll, TcpClientExtensions.MessageLoopAsync: Polling on remoteEndPoint: 127.0.0.1:58520 localEndPoint: 127.0.0.1:58519
TpTrace Verbose: 0 : 980, 4, 2023/04/17, 21:06:29.361, 476032790895, vstest.console.dll, MulticastDelegateUtilities.SafeInvoke: InternalTestLoggerEvents.SendTestRunMessage: Invoking callback 1/1 for Microsoft.VisualStudio.TestPlatform.CommandLine.Internal.ConsoleLogger., took 0 ms.
TpTrace Verbose: 0 : 980, 10, 2023/04/17, 21:06:29.384, 476033023105, vstest.console.dll, TcpClientExtensions.MessageLoopAsync: NotifyDataAvailable remoteEndPoint: 127.0.0.1:58520 localEndPoint: 127.0.0.1:58519
TpTrace Verbose: 0 : 980, 10, 2023/04/17, 21:06:29.384, 476033024457, vstest.console.dll, TestRequestSender.OnExecutionMessageReceived: Received message: {"Version":7,"MessageType":"TestSession.Message","Payload":{"MessageLevel":0,"Message":"[xUnit.net 00:00:00.40]   Discovered:  BookStore.API.Service.Tests"}}
TpTrace Verbose: 0 : 980, 10, 2023/04/17, 21:06:29.384, 476033025501, vstest.console.dll, TestRunRequest:SendTestRunMessage: Starting.
TpTrace Verbose: 0 : 980, 10, 2023/04/17, 21:06:29.384, 476033025851, vstest.console.dll, MulticastDelegateUtilities.SafeInvoke: TestRun.LogMessages: Invoking callback 1/1 for Microsoft.VisualStudio.TestPlatform.CommandLine.TestRunResultAggregator., took 0 ms.
TpTrace Information: 0 : 980, 10, 2023/04/17, 21:06:29.384, 476033026013, vstest.console.dll, TestRunRequest:SendTestRunMessage: Completed.
TpTrace Verbose: 0 : 980, 10, 2023/04/17, 21:06:29.384, 476033026173, vstest.console.dll, MulticastDelegateUtilities.SafeInvoke: LengthPrefixCommunicationChannel: MessageReceived: Invoking callback 1/1 for Microsoft.VisualStudio.TestPlatform.CommunicationUtilities.TestRequestSender+<>c__DisplayClass31_0., took 0 ms.
TpTrace Verbose: 0 : 980, 10, 2023/04/17, 21:06:29.384, 476033026392, vstest.console.dll, TcpClientExtensions.MessageLoopAsync: Polling on remoteEndPoint: 127.0.0.1:58520 localEndPoint: 127.0.0.1:58519
TpTrace Verbose: 0 : 980, 4, 2023/04/17, 21:06:29.384, 476033026839, vstest.console.dll, MulticastDelegateUtilities.SafeInvoke: InternalTestLoggerEvents.SendTestRunMessage: Invoking callback 1/1 for Microsoft.VisualStudio.TestPlatform.CommandLine.Internal.ConsoleLogger., took 0 ms.
TpTrace Verbose: 0 : 980, 10, 2023/04/17, 21:06:29.386, 476033042292, vstest.console.dll, TcpClientExtensions.MessageLoopAsync: NotifyDataAvailable remoteEndPoint: 127.0.0.1:58520 localEndPoint: 127.0.0.1:58519
TpTrace Verbose: 0 : 980, 10, 2023/04/17, 21:06:29.386, 476033043073, vstest.console.dll, TestRequestSender.OnExecutionMessageReceived: Received message: {"Version":7,"MessageType":"TestSession.Message","Payload":{"MessageLevel":0,"Message":"[xUnit.net 00:00:00.40]   Starting:    BookStore.API.Service.Tests"}}
TpTrace Verbose: 0 : 980, 10, 2023/04/17, 21:06:29.386, 476033043978, vstest.console.dll, TestRunRequest:SendTestRunMessage: Starting.
TpTrace Verbose: 0 : 980, 10, 2023/04/17, 21:06:29.386, 476033044292, vstest.console.dll, MulticastDelegateUtilities.SafeInvoke: TestRun.LogMessages: Invoking callback 1/1 for Microsoft.VisualStudio.TestPlatform.CommandLine.TestRunResultAggregator., took 0 ms.
TpTrace Information: 0 : 980, 10, 2023/04/17, 21:06:29.386, 476033044441, vstest.console.dll, TestRunRequest:SendTestRunMessage: Completed.
TpTrace Verbose: 0 : 980, 10, 2023/04/17, 21:06:29.386, 476033044584, vstest.console.dll, MulticastDelegateUtilities.SafeInvoke: LengthPrefixCommunicationChannel: MessageReceived: Invoking callback 1/1 for Microsoft.VisualStudio.TestPlatform.CommunicationUtilities.TestRequestSender+<>c__DisplayClass31_0., took 0 ms.
TpTrace Verbose: 0 : 980, 10, 2023/04/17, 21:06:29.386, 476033044769, vstest.console.dll, TcpClientExtensions.MessageLoopAsync: Polling on remoteEndPoint: 127.0.0.1:58520 localEndPoint: 127.0.0.1:58519
TpTrace Verbose: 0 : 980, 4, 2023/04/17, 21:06:29.386, 476033045350, vstest.console.dll, MulticastDelegateUtilities.SafeInvoke: InternalTestLoggerEvents.SendTestRunMessage: Invoking callback 1/1 for Microsoft.VisualStudio.TestPlatform.CommandLine.Internal.ConsoleLogger., took 0 ms.
TpTrace Verbose: 0 : 980, 10, 2023/04/17, 21:06:29.540, 476034585432, vstest.console.dll, TcpClientExtensions.MessageLoopAsync: NotifyDataAvailable remoteEndPoint: 127.0.0.1:58520 localEndPoint: 127.0.0.1:58519
TpTrace Verbose: 0 : 980, 10, 2023/04/17, 21:06:29.540, 476034587727, vstest.console.dll, TestRequestSender.OnExecutionMessageReceived: Received message: {"Version":7,"MessageType":"TestExecution.StatsChange","Payload":{"NewTestResults":[{"TestCase":{"Id":"0878b979-81e4-2780-4aba-3a8588699b42","FullyQualifiedName":"BookStore.API.Service.Tests.GenreServiceTests.UpdateGenreAsync_ShouldUpdateTheGenreAndReturnNothing_SetupMethodsMustRunAtLeastOnce","DisplayName":"BookStore.API.Service.Tests.GenreServiceTests.UpdateGenreAsync_ShouldUpdateTheGenreAndReturnNothing_SetupMethodsMustRunAtLeastOnce","ExecutorUri":"executor://xunit/VsTestRunner2/netcoreapp","Source":"C:\\Users\\vszto\\source\\repos\\vastamaa\\Szakdolgozat\\BookStore.API.Service.Tests\\bin\\Debug\\net6.0\\fine-code-coverage\\build-output\\BookStore.API.Service.Tests.dll","CodeFilePath":null,"LineNumber":0,"Properties":[]},"Attachments":[],"Outcome":1,"ErrorMessage":null,"ErrorStackTrace":null,"DisplayName":"BookStore.API.Service.Tests.GenreServiceTests.UpdateGenreAsync_ShouldUpdateTheGenreAndReturnNothing_SetupMethodsMustRunAtLeastOnce","Messages":[],"ComputerName":"DESKTOP-JKKQMUS","Duration":"00:00:00.0711728","StartTime":"2023-04-17T19:06:29.4998473+00:00","EndTime":"2023-04-17T19:06:29.499862+00:00","Properties":[]},{"TestCase":{"Id":"ab5754e9-ad32-7d9d-9795-0948638e4a40","FullyQualifiedName":"BookStore.API.Service.Tests.AuthorServiceTest.UpdateAuthorAsync_ShouldReturnAnError","DisplayName":"BookStore.API.Service.Tests.AuthorServiceTest.UpdateAuthorAsync_ShouldReturnAnError","ExecutorUri":"executor://xunit/VsTestRunner2/netcoreapp","Source":"C:\\Users\\vszto\\source\\repos\\vastamaa\\Szakdolgozat\\BookStore.API.Service.Tests\\bin\\Debug\\net6.0\\fine-code-coverage\\build-output\\BookStore.API.Service.Tests.dll","CodeFilePath":null,"LineNumber":0,"Properties":[]},"Attachments":[],"Outcome":1,"ErrorMessage":null,"ErrorStackTrace":null,"DisplayName":"BookStore.API.Service.Tests.AuthorServiceTest.UpdateAuthorAsync_ShouldReturnAnError","Messages":[],"ComputerName":"DESKTOP-JKKQMUS","Duration":"00:00:00.0756926","StartTime":"2023-04-17T19:06:29.5144169+00:00","EndTime":"2023-04-17T19:06:29.514417+00:00","Properties":[]},{"TestCase":{"Id":"6cb31dc2-b55c-cdd6-7dd1-0f09faa773f6","FullyQualifiedName":"BookStore.API.Service.Tests.GenreServiceTests.GetGenreForPatchAsync_ShouldReturnTheGivenType","DisplayName":"BookStore.API.Service.Tests.GenreServiceTests.GetGenreForPatchAsync_ShouldReturnTheGivenType","ExecutorUri":"executor://xunit/VsTestRunner2/netcoreapp","Source":"C:\\Users\\vszto\\source\\repos\\vastamaa\\Szakdolgozat\\BookStore.API.Service.Tests\\bin\\Debug\\net6.0\\fine-code-coverage\\build-output\\BookStore.API.Service.Tests.dll","CodeFilePath":null,"LineNumber":0,"Properties":[]},"Attachments":[],"Outcome":1,"ErrorMessage":null,"ErrorStackTrace":null,"DisplayName":"BookStore.API.Service.Tests.GenreServiceTests.GetGenreForPatchAsync_ShouldReturnTheGivenType","Messages":[],"ComputerName":"DESKTOP-JKKQMUS","Duration":"00:00:00.0025224","StartTime":"2023-04-17T19:06:29.5156218+00:00","EndTime":"2023-04-17T19:06:29.5156219+00:00","Properties":[]},{"TestCase":{"Id":"dfd0823f-dfd1-ecb3-8c2e-db3795d44681","FullyQualifiedName":"BookStore.API.Service.Tests.GenreServiceTests.UpdateGenreAsync_ShouldReturnAnError","DisplayName":"BookStore.API.Service.Tests.GenreServiceTests.UpdateGenreAsync_ShouldReturnAnError","ExecutorUri":"executor://xunit/VsTestRunner2/netcoreapp","Source":"C:\\Users\\vszto\\source\\repos\\vastamaa\\Szakdolgozat\\BookStore.API.Service.Tests\\bin\\Debug\\net6.0\\fine-code-coverage\\build-output\\BookStore.API.Service.Tests.dll","CodeFilePath":null,"LineNumber":0,"Properties":[]},"Attachments":[],"Outcome":1,"ErrorMessage":null,"ErrorStackTrace":null,"DisplayName":"BookStore.API.Service.Tests.GenreServiceTests.UpdateGenreAsync_ShouldReturnAnError","Messages":[],"ComputerName":"DESKTOP-JKKQMUS","Duration":"00:00:00.0067855","StartTime":"2023-04-17T19:06:29.5179132+00:00","EndTime":"2023-04-17T19:06:29.5179133+00:00","Properties":[]},{"TestCase":{"Id":"bb9823cd-1964-1b5d-5bc9-2177e553cab9","FullyQualifiedName":"BookStore.API.Service.Tests.AuthorServiceTest.GetAuthorForPatchAsync_ShouldReturnTheGivenType","DisplayName":"BookStore.API.Service.Tests.AuthorServiceTest.GetAuthorForPatchAsync_ShouldReturnTheGivenType","ExecutorUri":"executor://xunit/VsTestRunner2/netcoreapp","Source":"C:\\Users\\vszto\\source\\repos\\vastamaa\\Szakdolgozat\\BookStore.API.Service.Tests\\bin\\Debug\\net6.0\\fine-code-coverage\\build-output\\BookStore.API.Service.Tests.dll","CodeFilePath":null,"LineNumber":0,"Properties":[]},"Attachments":[],"Outcome":1,"ErrorMessage":null,"ErrorStackTrace":null,"DisplayName":"BookStore.API.Service.Tests.AuthorServiceTest.GetAuthorForPatchAsync_ShouldReturnTheGivenType","Messages":[],"ComputerName":"DESKTOP-JKKQMUS","Duration":"00:00:00.0069219","StartTime":"2023-04-17T19:06:29.5193528+00:00","EndTime":"2023-04-17T19:06:29.5193528+00:00","Properties":[]},{"TestCase":{"Id":"b89b060e-b921-5cc6-ab8f-18a5396986cd","FullyQualifiedName":"BookStore.API.Service.Tests.GenreServiceTests.SaveChangesForPatchAsync_ShouldReturnNothing_SetupMethodsMustRunAtLeastOnce","DisplayName":"BookStore.API.Service.Tests.GenreServiceTests.SaveChangesForPatchAsync_ShouldReturnNothing_SetupMethodsMustRunAtLeastOnce","ExecutorUri":"executor://xunit/VsTestRunner2/netcoreapp","Source":"C:\\Users\\vszto\\source\\repos\\vastamaa\\Szakdolgozat\\BookStore.API.Service.Tests\\bin\\Debug\\net6.0\\fine-code-coverage\\build-output\\BookStore.API.Service.Tests.dll","CodeFilePath":null,"LineNumber":0,"Properties":[]},"Attachments":[],"Outcome":1,"ErrorMessage":null,"ErrorStackTrace":null,"DisplayName":"BookStore.API.Service.Tests.GenreServiceTests.SaveChangesForPatchAsync_ShouldReturnNothing_SetupMethodsMustRunAtLeastOnce","Messages":[],"ComputerName":"DESKTOP-JKKQMUS","Duration":"00:00:00.0011152","StartTime":"2023-04-17T19:06:29.5207136+00:00","EndTime":"2023-04-17T19:06:29.5207136+00:00","Properties":[]},{"TestCase":{"Id":"1c08bd69-9dd8-6f06-7ba1-cd497bd13531","FullyQualifiedName":"BookStore.API.Service.Tests.AuthorServiceTest.GetAllAuthorsAsync_ShouldReturnIEnumerableAuthorDto","DisplayName":"BookStore.API.Service.Tests.AuthorServiceTest.GetAllAuthorsAsync_ShouldReturnIEnumerableAuthorDto","ExecutorUri":"executor://xunit/VsTestRunner2/netcoreapp","Source":"C:\\Users\\vszto\\source\\repos\\vastamaa\\Szakdolgozat\\BookStore.API.Service.Tests\\bin\\Debug\\net6.0\\fine-code-coverage\\build-output\\BookStore.API.Service.Tests.dll","CodeFilePath":null,"LineNumber":0,"Properties":[]},"Attachments":[],"Outcome":1,"ErrorMessage":null,"ErrorStackTrace":null,"DisplayName":"BookStore.API.Service.Tests.AuthorServiceTest.GetAllAuthorsAsync_ShouldReturnIEnumerableAuthorDto","Messages":[],"ComputerName":"DESKTOP-JKKQMUS","Duration":"00:00:00.0021028","StartTime":"2023-04-17T19:06:29.5220612+00:00","EndTime":"2023-04-17T19:06:29.5220612+00:00","Properties":[]},{"TestCase":{"Id":"a4aa569a-9ca4-f34e-4571-6d9d90c543d8","FullyQualifiedName":"BookStore.API.Service.Tests.GenreServiceTests.GetGenreAsync_ShouldReturnGenreObject","DisplayName":"BookStore.API.Service.Tests.GenreServiceTests.GetGenreAsync_ShouldReturnGenreObject","ExecutorUri":"executor://xunit/VsTestRunner2/netcoreapp","Source":"C:\\Users\\vszto\\source\\repos\\vastamaa\\Szakdolgozat\\BookStore.API.Service.Tests\\bin\\Debug\\net6.0\\fine-code-coverage\\build-output\\BookStore.API.Service.Tests.dll","CodeFilePath":null,"LineNumber":0,"Properties":[]},"Attachments":[],"Outcome":1,"ErrorMessage":null,"ErrorStackTrace":null,"DisplayName":"BookStore.API.Service.Tests.GenreServiceTests.GetGenreAsync_ShouldReturnGenreObject","Messages":[],"ComputerName":"DESKTOP-JKKQMUS","Duration":"00:00:00.0016764","StartTime":"2023-04-17T19:06:29.52326+00:00","EndTime":"2023-04-17T19:06:29.5232601+00:00","Properties":[]}],"TestRunStatistics":{"ExecutedTests":8,"Stats":{"Passed":8}},"ActiveTests":[{"Id":"65aa4021-590d-dbb2-7aa3-7e384addd50e","FullyQualifiedName":"BookStore.API.Service.Tests.AuthorServiceTest.DeleteAuthorAsyn_ShouldReturnNothing_SetupMethodsMustRunAtLeastOnce","DisplayName":"BookStore.API.Service.Tests.AuthorServiceTest.DeleteAuthorAsyn_ShouldReturnNothing_SetupMethodsMustRunAtLeastOnce","ExecutorUri":"executor://xunit/VsTestRunner2/netcoreapp","Source":"C:\\Users\\vszto\\source\\repos\\vastamaa\\Szakdolgozat\\BookStore.API.Service.Tests\\bin\\Debug\\net6.0\\fine-code-coverage\\build-output\\BookStore.API.Service.Tests.dll","CodeFilePath":null,"LineNumber":0,"Properties":[]},{"Id":"339db0ac-b8d6-3476-d4cd-1b5ed0f28f1f","FullyQualifiedName":"BookStore.API.Service.Tests.GenreServiceTests.DeleteGenreAsyn_ShouldReturnNothing_SetupMethodsMustRunAtLeastOnce","DisplayName":"BookStore.API.Service.Tests.GenreServiceTests.DeleteGenreAsyn_ShouldReturnNothing_SetupMethodsMustRunAtLeastOnce","ExecutorUri":"executor://xunit/VsTestRunner2/netcoreapp","Source":"C:\\Users\\vszto\\source\\repos\\vastamaa\\Szakdolgozat\\BookStore.API.Service.Tests\\bin\\Debug\\net6.0\\fine-code-coverage\\build-output\\BookStore.API.Service.Tests.dll","CodeFilePath":null,"LineNumber":0,"Properties":[]}]}}
TpTrace Verbose: 0 : 980, 10, 2023/04/17, 21:06:29.555, 476034737958, vstest.console.dll, TestRunRequest:SendTestRunStatsChange: Starting.
TpTrace Verbose: 0 : 980, 10, 2023/04/17, 21:06:29.556, 476034739329, vstest.console.dll, InProgress is BookStore.API.Service.Tests.AuthorServiceTest.DeleteAuthorAsyn_ShouldReturnNothing_SetupMethodsMustRunAtLeastOnce
TpTrace Verbose: 0 : 980, 10, 2023/04/17, 21:06:29.556, 476034739566, vstest.console.dll, InProgress is BookStore.API.Service.Tests.GenreServiceTests.DeleteGenreAsyn_ShouldReturnNothing_SetupMethodsMustRunAtLeastOnce
TpTrace Verbose: 0 : 980, 10, 2023/04/17, 21:06:29.556, 476034741231, vstest.console.dll, MulticastDelegateUtilities.SafeInvoke: TestRun.RunStatsChanged: Invoking callbacks was skipped because there are no subscribers.
TpTrace Information: 0 : 980, 10, 2023/04/17, 21:06:29.556, 476034741646, vstest.console.dll, TestRunRequest:SendTestRunStatsChange: Completed.
TpTrace Verbose: 0 : 980, 10, 2023/04/17, 21:06:29.556, 476034741830, vstest.console.dll, MulticastDelegateUtilities.SafeInvoke: LengthPrefixCommunicationChannel: MessageReceived: Invoking callback 1/1 for Microsoft.VisualStudio.TestPlatform.CommunicationUtilities.TestRequestSender+<>c__DisplayClass31_0., took 15 ms.
TpTrace Verbose: 0 : 980, 10, 2023/04/17, 21:06:29.556, 476034742017, vstest.console.dll, TcpClientExtensions.MessageLoopAsync: Polling on remoteEndPoint: 127.0.0.1:58520 localEndPoint: 127.0.0.1:58519
TpTrace Verbose: 0 : 980, 10, 2023/04/17, 21:06:29.556, 476034742267, vstest.console.dll, TcpClientExtensions.MessageLoopAsync: NotifyDataAvailable remoteEndPoint: 127.0.0.1:58520 localEndPoint: 127.0.0.1:58519
TpTrace Verbose: 0 : 980, 10, 2023/04/17, 21:06:29.556, 476034743198, vstest.console.dll, TestRequestSender.OnExecutionMessageReceived: Received message: {"Version":7,"MessageType":"TestExecution.StatsChange","Payload":{"NewTestResults":[{"TestCase":{"Id":"339db0ac-b8d6-3476-d4cd-1b5ed0f28f1f","FullyQualifiedName":"BookStore.API.Service.Tests.GenreServiceTests.DeleteGenreAsyn_ShouldReturnNothing_SetupMethodsMustRunAtLeastOnce","DisplayName":"BookStore.API.Service.Tests.GenreServiceTests.DeleteGenreAsyn_ShouldReturnNothing_SetupMethodsMustRunAtLeastOnce","ExecutorUri":"executor://xunit/VsTestRunner2/netcoreapp","Source":"C:\\Users\\vszto\\source\\repos\\vastamaa\\Szakdolgozat\\BookStore.API.Service.Tests\\bin\\Debug\\net6.0\\fine-code-coverage\\build-output\\BookStore.API.Service.Tests.dll","CodeFilePath":null,"LineNumber":0,"Properties":[]},"Attachments":[],"Outcome":1,"ErrorMessage":null,"ErrorStackTrace":null,"DisplayName":"BookStore.API.Service.Tests.GenreServiceTests.DeleteGenreAsyn_ShouldReturnNothing_SetupMethodsMustRunAtLeastOnce","Messages":[],"ComputerName":"DESKTOP-JKKQMUS","Duration":"00:00:00.0024679","StartTime":"2023-04-17T19:06:29.541334+00:00","EndTime":"2023-04-17T19:06:29.541334+00:00","Properties":[]},{"TestCase":{"Id":"65aa4021-590d-dbb2-7aa3-7e384addd50e","FullyQualifiedName":"BookStore.API.Service.Tests.AuthorServiceTest.DeleteAuthorAsyn_ShouldReturnNothing_SetupMethodsMustRunAtLeastOnce","DisplayName":"BookStore.API.Service.Tests.AuthorServiceTest.DeleteAuthorAsyn_ShouldReturnNothing_SetupMethodsMustRunAtLeastOnce","ExecutorUri":"executor://xunit/VsTestRunner2/netcoreapp","Source":"C:\\Users\\vszto\\source\\repos\\vastamaa\\Szakdolgozat\\BookStore.API.Service.Tests\\bin\\Debug\\net6.0\\fine-code-coverage\\build-output\\BookStore.API.Service.Tests.dll","CodeFilePath":null,"LineNumber":0,"Properties":[]},"Attachments":[],"Outcome":1,"ErrorMessage":null,"ErrorStackTrace":null,"DisplayName":"BookStore.API.Service.Tests.AuthorServiceTest.DeleteAuthorAsyn_ShouldReturnNothing_SetupMethodsMustRunAtLeastOnce","Messages":[],"ComputerName":"DESKTOP-JKKQMUS","Duration":"00:00:00.0030540","StartTime":"2023-04-17T19:06:29.5421268+00:00","EndTime":"2023-04-17T19:06:29.5421269+00:00","Properties":[]},{"TestCase":{"Id":"dd644c9d-57a0-d85e-7b8b-b3abf0a07d46","FullyQualifiedName":"BookStore.API.Service.Tests.AuthorServiceTest.UpdateAuthorAsync_ShouldUpdateTheAuthorAndReturnNothing_SetupMethodsMustRunAtLeastOnce","DisplayName":"BookStore.API.Service.Tests.AuthorServiceTest.UpdateAuthorAsync_ShouldUpdateTheAuthorAndReturnNothing_SetupMethodsMustRunAtLeastOnce","ExecutorUri":"executor://xunit/VsTestRunner2/netcoreapp","Source":"C:\\Users\\vszto\\source\\repos\\vastamaa\\Szakdolgozat\\BookStore.API.Service.Tests\\bin\\Debug\\net6.0\\fine-code-coverage\\build-output\\BookStore.API.Service.Tests.dll","CodeFilePath":null,"LineNumber":0,"Properties":[]},"Attachments":[],"Outcome":1,"ErrorMessage":null,"ErrorStackTrace":null,"DisplayName":"BookStore.API.Service.Tests.AuthorServiceTest.UpdateAuthorAsync_ShouldUpdateTheAuthorAndReturnNothing_SetupMethodsMustRunAtLeastOnce","Messages":[],"ComputerName":"DESKTOP-JKKQMUS","Duration":"00:00:00.0012622","StartTime":"2023-04-17T19:06:29.5441227+00:00","EndTime":"2023-04-17T19:06:29.5441227+00:00","Properties":[]},{"TestCase":{"Id":"68f5b7f6-6c70-c537-f536-5d28229bc946","FullyQualifiedName":"BookStore.API.Service.Tests.GenreServiceTests.GetAllGenresAsync_ShouldReturnIEnumerableGenreDto","DisplayName":"BookStore.API.Service.Tests.GenreServiceTests.GetAllGenresAsync_ShouldReturnIEnumerableGenreDto","ExecutorUri":"executor://xunit/VsTestRunner2/netcoreapp","Source":"C:\\Users\\vszto\\source\\repos\\vastamaa\\Szakdolgozat\\BookStore.API.Service.Tests\\bin\\Debug\\net6.0\\fine-code-coverage\\build-output\\BookStore.API.Service.Tests.dll","CodeFilePath":null,"LineNumber":0,"Properties":[]},"Attachments":[],"Outcome":1,"ErrorMessage":null,"ErrorStackTrace":null,"DisplayName":"BookStore.API.Service.Tests.GenreServiceTests.GetAllGenresAsync_ShouldReturnIEnumerableGenreDto","Messages":[],"ComputerName":"DESKTOP-JKKQMUS","Duration":"00:00:00.0018238","StartTime":"2023-04-17T19:06:29.5453017+00:00","EndTime":"2023-04-17T19:06:29.5453017+00:00","Properties":[]},{"TestCase":{"Id":"e33b5c12-5f61-f0f7-a387-bf78d43b12a0","FullyQualifiedName":"BookStore.API.Service.Tests.GenreServiceTests.CreateGenreAsync_ShouldReturnNothing_SetupMethodsMustRunAtLeastOnce","DisplayName":"BookStore.API.Service.Tests.GenreServiceTests.CreateGenreAsync_ShouldReturnNothing_SetupMethodsMustRunAtLeastOnce","ExecutorUri":"executor://xunit/VsTestRunner2/netcoreapp","Source":"C:\\Users\\vszto\\source\\repos\\vastamaa\\Szakdolgozat\\BookStore.API.Service.Tests\\bin\\Debug\\net6.0\\fine-code-coverage\\build-output\\BookStore.API.Service.Tests.dll","CodeFilePath":null,"LineNumber":0,"Properties":[]},"Attachments":[],"Outcome":1,"ErrorMessage":null,"ErrorStackTrace":null,"DisplayName":"BookStore.API.Service.Tests.GenreServiceTests.CreateGenreAsync_ShouldReturnNothing_SetupMethodsMustRunAtLeastOnce","Messages":[],"ComputerName":"DESKTOP-JKKQMUS","Duration":"00:00:00.0015376","StartTime":"2023-04-17T19:06:29.5464375+00:00","EndTime":"2023-04-17T19:06:29.5464376+00:00","Properties":[]},{"TestCase":{"Id":"10ba34ad-f0ba-1361-7a23-47ca73a67373","FullyQualifiedName":"BookStore.API.Service.Tests.AuthorServiceTest.CreateAuthorAsync_ShouldReturnNothing_SetupMethodsMustRunAtLeastOnce","DisplayName":"BookStore.API.Service.Tests.AuthorServiceTest.CreateAuthorAsync_ShouldReturnNothing_SetupMethodsMustRunAtLeastOnce","ExecutorUri":"executor://xunit/VsTestRunner2/netcoreapp","Source":"C:\\Users\\vszto\\source\\repos\\vastamaa\\Szakdolgozat\\BookStore.API.Service.Tests\\bin\\Debug\\net6.0\\fine-code-coverage\\build-output\\BookStore.API.Service.Tests.dll","CodeFilePath":null,"LineNumber":0,"Properties":[]},"Attachments":[],"Outcome":1,"ErrorMessage":null,"ErrorStackTrace":null,"DisplayName":"BookStore.API.Service.Tests.AuthorServiceTest.CreateAuthorAsync_ShouldReturnNothing_SetupMethodsMustRunAtLeastOnce","Messages":[],"ComputerName":"DESKTOP-JKKQMUS","Duration":"00:00:00.0021196","StartTime":"2023-04-17T19:06:29.5475112+00:00","EndTime":"2023-04-17T19:06:29.5475112+00:00","Properties":[]},{"TestCase":{"Id":"d78239a5-27ec-06d4-9a3b-de68a3ef2965","FullyQualifiedName":"BookStore.API.Service.Tests.GenreServiceTests.GetGenreAsync_ShouldReturnGenreNotFoundException","DisplayName":"BookStore.API.Service.Tests.GenreServiceTests.GetGenreAsync_ShouldReturnGenreNotFoundException","ExecutorUri":"executor://xunit/VsTestRunner2/netcoreapp","Source":"C:\\Users\\vszto\\source\\repos\\vastamaa\\Szakdolgozat\\BookStore.API.Service.Tests\\bin\\Debug\\net6.0\\fine-code-coverage\\build-output\\BookStore.API.Service.Tests.dll","CodeFilePath":null,"LineNumber":0,"Properties":[]},"Attachments":[],"Outcome":1,"ErrorMessage":null,"ErrorStackTrace":null,"DisplayName":"BookStore.API.Service.Tests.GenreServiceTests.GetGenreAsync_ShouldReturnGenreNotFoundException","Messages":[],"ComputerName":"DESKTOP-JKKQMUS","Duration":"00:00:00.0015256","StartTime":"2023-04-17T19:06:29.5486358+00:00","EndTime":"2023-04-17T19:06:29.5486358+00:00","Properties":[]},{"TestCase":{"Id":"cad2534c-e544-a74a-7628-ed25e69de18d","FullyQualifiedName":"BookStore.API.Service.Tests.AuthorServiceTest.GetAuthorAsync_ShouldReturnAuthorNotFoundException","DisplayName":"BookStore.API.Service.Tests.AuthorServiceTest.GetAuthorAsync_ShouldReturnAuthorNotFoundException","ExecutorUri":"executor://xunit/VsTestRunner2/netcoreapp","Source":"C:\\Users\\vszto\\source\\repos\\vastamaa\\Szakdolgozat\\BookStore.API.Service.Tests\\bin\\Debug\\net6.0\\fine-code-coverage\\build-output\\BookStore.API.Service.Tests.dll","CodeFilePath":null,"LineNumber":0,"Properties":[]},"Attachments":[],"Outcome":1,"ErrorMessage":null,"ErrorStackTrace":null,"DisplayName":"BookStore.API.Service.Tests.AuthorServiceTest.GetAuthorAsync_ShouldReturnAuthorNotFoundException","Messages":[],"ComputerName":"DESKTOP-JKKQMUS","Duration":"00:00:00.0017810","StartTime":"2023-04-17T19:06:29.549131+00:00","EndTime":"2023-04-17T19:06:29.5491311+00:00","Properties":[]},{"TestCase":{"Id":"39cca166-9584-5472-7389-6e5714dab107","FullyQualifiedName":"BookStore.API.Service.Tests.AuthorServiceTest.GetAuthorAsync_ShouldReturnAuthorObject","DisplayName":"BookStore.API.Service.Tests.AuthorServiceTest.GetAuthorAsync_ShouldReturnAuthorObject","ExecutorUri":"executor://xunit/VsTestRunner2/netcoreapp","Source":"C:\\Users\\vszto\\source\\repos\\vastamaa\\Szakdolgozat\\BookStore.API.Service.Tests\\bin\\Debug\\net6.0\\fine-code-coverage\\build-output\\BookStore.API.Service.Tests.dll","CodeFilePath":null,"LineNumber":0,"Properties":[]},"Attachments":[],"Outcome":1,"ErrorMessage":null,"ErrorStackTrace":null,"DisplayName":"BookStore.API.Service.Tests.AuthorServiceTest.GetAuthorAsync_ShouldReturnAuthorObject","Messages":[],"ComputerName":"DESKTOP-JKKQMUS","Duration":"00:00:00.0009494","StartTime":"2023-04-17T19:06:29.5501211+00:00","EndTime":"2023-04-17T19:06:29.5501212+00:00","Properties":[]}],"TestRunStatistics":{"ExecutedTests":17,"Stats":{"Passed":17}},"ActiveTests":[{"Id":"4438da94-d519-d72d-e6ef-2bf72b23bd6c","FullyQualifiedName":"BookStore.API.Service.Tests.AuthorServiceTest.SaveChangesForPatchAsync_ShouldReturnNothing_SetupMethodsMustRunAtLeastOnce","DisplayName":"BookStore.API.Service.Tests.AuthorServiceTest.SaveChangesForPatchAsync_ShouldReturnNothing_SetupMethodsMustRunAtLeastOnce","ExecutorUri":"executor://xunit/VsTestRunner2/netcoreapp","Source":"C:\\Users\\vszto\\source\\repos\\vastamaa\\Szakdolgozat\\BookStore.API.Service.Tests\\bin\\Debug\\net6.0\\fine-code-coverage\\build-output\\BookStore.API.Service.Tests.dll","CodeFilePath":null,"LineNumber":0,"Properties":[]}]}}
TpTrace Verbose: 0 : 980, 10, 2023/04/17, 21:06:29.556, 476034749071, vstest.console.dll, TestRunRequest:SendTestRunStatsChange: Starting.
TpTrace Verbose: 0 : 980, 10, 2023/04/17, 21:06:29.557, 476034749443, vstest.console.dll, InProgress is BookStore.API.Service.Tests.AuthorServiceTest.SaveChangesForPatchAsync_ShouldReturnNothing_SetupMethodsMustRunAtLeastOnce
TpTrace Verbose: 0 : 980, 10, 2023/04/17, 21:06:29.557, 476034749852, vstest.console.dll, MulticastDelegateUtilities.SafeInvoke: TestRun.RunStatsChanged: Invoking callbacks was skipped because there are no subscribers.
TpTrace Information: 0 : 980, 10, 2023/04/17, 21:06:29.557, 476034749993, vstest.console.dll, TestRunRequest:SendTestRunStatsChange: Completed.
TpTrace Verbose: 0 : 980, 10, 2023/04/17, 21:06:29.557, 476034750141, vstest.console.dll, MulticastDelegateUtilities.SafeInvoke: LengthPrefixCommunicationChannel: MessageReceived: Invoking callback 1/1 for Microsoft.VisualStudio.TestPlatform.CommunicationUtilities.TestRequestSender+<>c__DisplayClass31_0., took 0 ms.
TpTrace Verbose: 0 : 980, 10, 2023/04/17, 21:06:29.557, 476034750288, vstest.console.dll, TcpClientExtensions.MessageLoopAsync: Polling on remoteEndPoint: 127.0.0.1:58520 localEndPoint: 127.0.0.1:58519
TpTrace Verbose: 0 : 980, 10, 2023/04/17, 21:06:29.557, 476034750482, vstest.console.dll, TcpClientExtensions.MessageLoopAsync: NotifyDataAvailable remoteEndPoint: 127.0.0.1:58520 localEndPoint: 127.0.0.1:58519
TpTrace Verbose: 0 : 980, 10, 2023/04/17, 21:06:29.557, 476034750822, vstest.console.dll, TestRequestSender.OnExecutionMessageReceived: Received message: {"Version":7,"MessageType":"TestSession.Message","Payload":{"MessageLevel":0,"Message":"[xUnit.net 00:00:00.57]   Finished:    BookStore.API.Service.Tests"}}
TpTrace Verbose: 0 : 980, 10, 2023/04/17, 21:06:29.557, 476034751300, vstest.console.dll, TestRunRequest:SendTestRunMessage: Starting.
TpTrace Verbose: 0 : 980, 10, 2023/04/17, 21:06:29.557, 476034751567, vstest.console.dll, MulticastDelegateUtilities.SafeInvoke: TestRun.LogMessages: Invoking callback 1/1 for Microsoft.VisualStudio.TestPlatform.CommandLine.TestRunResultAggregator., took 0 ms.
TpTrace Information: 0 : 980, 10, 2023/04/17, 21:06:29.557, 476034751705, vstest.console.dll, TestRunRequest:SendTestRunMessage: Completed.
TpTrace Verbose: 0 : 980, 10, 2023/04/17, 21:06:29.557, 476034751833, vstest.console.dll, MulticastDelegateUtilities.SafeInvoke: LengthPrefixCommunicationChannel: MessageReceived: Invoking callback 1/1 for Microsoft.VisualStudio.TestPlatform.CommunicationUtilities.TestRequestSender+<>c__DisplayClass31_0., took 0 ms.
TpTrace Verbose: 0 : 980, 10, 2023/04/17, 21:06:29.557, 476034751979, vstest.console.dll, TcpClientExtensions.MessageLoopAsync: Polling on remoteEndPoint: 127.0.0.1:58520 localEndPoint: 127.0.0.1:58519
TpTrace Verbose: 0 : 980, 4, 2023/04/17, 21:06:29.558, 476034763905, vstest.console.dll, MulticastDelegateUtilities.SafeInvoke: InternalTestLoggerEvents.SendTestResult: Invoking callback 1/1 for Microsoft.VisualStudio.TestPlatform.CommandLine.Internal.ConsoleLogger., took 2 ms.
TpTrace Verbose: 0 : 980, 4, 2023/04/17, 21:06:29.558, 476034766410, vstest.console.dll, MulticastDelegateUtilities.SafeInvoke: InternalTestLoggerEvents.SendTestResult: Invoking callback 1/1 for Microsoft.VisualStudio.TestPlatform.CommandLine.Internal.ConsoleLogger., took 0 ms.
TpTrace Verbose: 0 : 980, 4, 2023/04/17, 21:06:29.558, 476034766936, vstest.console.dll, MulticastDelegateUtilities.SafeInvoke: InternalTestLoggerEvents.SendTestResult: Invoking callback 1/1 for Microsoft.VisualStudio.TestPlatform.CommandLine.Internal.ConsoleLogger., took 0 ms.
TpTrace Verbose: 0 : 980, 4, 2023/04/17, 21:06:29.558, 476034767211, vstest.console.dll, MulticastDelegateUtilities.SafeInvoke: InternalTestLoggerEvents.SendTestResult: Invoking callback 1/1 for Microsoft.VisualStudio.TestPlatform.CommandLine.Internal.ConsoleLogger., took 0 ms.
TpTrace Verbose: 0 : 980, 4, 2023/04/17, 21:06:29.558, 476034767411, vstest.console.dll, MulticastDelegateUtilities.SafeInvoke: InternalTestLoggerEvents.SendTestResult: Invoking callback 1/1 for Microsoft.VisualStudio.TestPlatform.CommandLine.Internal.ConsoleLogger., took 0 ms.
TpTrace Verbose: 0 : 980, 4, 2023/04/17, 21:06:29.558, 476034767771, vstest.console.dll, MulticastDelegateUtilities.SafeInvoke: InternalTestLoggerEvents.SendTestResult: Invoking callback 1/1 for Microsoft.VisualStudio.TestPlatform.CommandLine.Internal.ConsoleLogger., took 0 ms.
TpTrace Verbose: 0 : 980, 4, 2023/04/17, 21:06:29.558, 476034767990, vstest.console.dll, MulticastDelegateUtilities.SafeInvoke: InternalTestLoggerEvents.SendTestResult: Invoking callback 1/1 for Microsoft.VisualStudio.TestPlatform.CommandLine.Internal.ConsoleLogger., took 0 ms.
TpTrace Verbose: 0 : 980, 4, 2023/04/17, 21:06:29.558, 476034768170, vstest.console.dll, MulticastDelegateUtilities.SafeInvoke: InternalTestLoggerEvents.SendTestResult: Invoking callback 1/1 for Microsoft.VisualStudio.TestPlatform.CommandLine.Internal.ConsoleLogger., took 0 ms.
TpTrace Verbose: 0 : 980, 4, 2023/04/17, 21:06:29.558, 476034768432, vstest.console.dll, MulticastDelegateUtilities.SafeInvoke: InternalTestLoggerEvents.SendTestResult: Invoking callback 1/1 for Microsoft.VisualStudio.TestPlatform.CommandLine.Internal.ConsoleLogger., took 0 ms.
TpTrace Verbose: 0 : 980, 4, 2023/04/17, 21:06:29.558, 476034768614, vstest.console.dll, MulticastDelegateUtilities.SafeInvoke: InternalTestLoggerEvents.SendTestResult: Invoking callback 1/1 for Microsoft.VisualStudio.TestPlatform.CommandLine.Internal.ConsoleLogger., took 0 ms.
TpTrace Verbose: 0 : 980, 4, 2023/04/17, 21:06:29.558, 476034768796, vstest.console.dll, MulticastDelegateUtilities.SafeInvoke: InternalTestLoggerEvents.SendTestResult: Invoking callback 1/1 for Microsoft.VisualStudio.TestPlatform.CommandLine.Internal.ConsoleLogger., took 0 ms.
TpTrace Verbose: 0 : 980, 4, 2023/04/17, 21:06:29.559, 476034774284, vstest.console.dll, MulticastDelegateUtilities.SafeInvoke: InternalTestLoggerEvents.SendTestResult: Invoking callback 1/1 for Microsoft.VisualStudio.TestPlatform.CommandLine.Internal.ConsoleLogger., took 0 ms.
TpTrace Verbose: 0 : 980, 4, 2023/04/17, 21:06:29.559, 476034774854, vstest.console.dll, MulticastDelegateUtilities.SafeInvoke: InternalTestLoggerEvents.SendTestResult: Invoking callback 1/1 for Microsoft.VisualStudio.TestPlatform.CommandLine.Internal.ConsoleLogger., took 0 ms.
TpTrace Verbose: 0 : 980, 4, 2023/04/17, 21:06:29.559, 476034775134, vstest.console.dll, MulticastDelegateUtilities.SafeInvoke: InternalTestLoggerEvents.SendTestResult: Invoking callback 1/1 for Microsoft.VisualStudio.TestPlatform.CommandLine.Internal.ConsoleLogger., took 0 ms.
TpTrace Verbose: 0 : 980, 4, 2023/04/17, 21:06:29.559, 476034775348, vstest.console.dll, MulticastDelegateUtilities.SafeInvoke: InternalTestLoggerEvents.SendTestResult: Invoking callback 1/1 for Microsoft.VisualStudio.TestPlatform.CommandLine.Internal.ConsoleLogger., took 0 ms.
TpTrace Verbose: 0 : 980, 4, 2023/04/17, 21:06:29.559, 476034775523, vstest.console.dll, MulticastDelegateUtilities.SafeInvoke: InternalTestLoggerEvents.SendTestResult: Invoking callback 1/1 for Microsoft.VisualStudio.TestPlatform.CommandLine.Internal.ConsoleLogger., took 0 ms.
TpTrace Verbose: 0 : 980, 4, 2023/04/17, 21:06:29.559, 476034775761, vstest.console.dll, MulticastDelegateUtilities.SafeInvoke: InternalTestLoggerEvents.SendTestResult: Invoking callback 1/1 for Microsoft.VisualStudio.TestPlatform.CommandLine.Internal.ConsoleLogger., took 0 ms.
TpTrace Verbose: 0 : 980, 4, 2023/04/17, 21:06:29.559, 476034775922, vstest.console.dll, MulticastDelegateUtilities.SafeInvoke: InternalTestLoggerEvents.SendTestRunMessage: Invoking callback 1/1 for Microsoft.VisualStudio.TestPlatform.CommandLine.Internal.ConsoleLogger., took 0 ms.
TpTrace Verbose: 0 : 980, 10, 2023/04/17, 21:06:29.565, 476034831853, vstest.console.dll, TcpClientExtensions.MessageLoopAsync: NotifyDataAvailable remoteEndPoint: 127.0.0.1:58520 localEndPoint: 127.0.0.1:58519
TpTrace Verbose: 0 : 980, 10, 2023/04/17, 21:06:29.565, 476034832751, vstest.console.dll, TestRequestSender.OnExecutionMessageReceived: Received message: {"Version":7,"MessageType":"TestExecution.Completed","Payload":{"TestRunCompleteArgs":{"TestRunStatistics":{"ExecutedTests":18,"Stats":{"Passed":18}},"IsCanceled":false,"IsAborted":false,"Error":null,"AttachmentSets":[],"InvokedDataCollectors":[],"ElapsedTimeInRunningTests":"00:00:00.5826468","Metrics":{},"DiscoveredExtensions":{"TestDiscoverers":["Xunit.Runner.VisualStudio.VsTestRunner, xunit.runner.visualstudio.dotnetcore.testadapter, Version=2.4.0.0, Culture=neutral, PublicKeyToken=8d05b1bb7a6fdb6c"],"TestExecutors":["executor://xunit/VsTestRunner2/netcoreapp"],"TestExecutors2":[],"TestSettingsProviders":[]}},"LastRunTests":{"NewTestResults":[{"TestCase":{"Id":"4438da94-d519-d72d-e6ef-2bf72b23bd6c","FullyQualifiedName":"BookStore.API.Service.Tests.AuthorServiceTest.SaveChangesForPatchAsync_ShouldReturnNothing_SetupMethodsMustRunAtLeastOnce","DisplayName":"BookStore.API.Service.Tests.AuthorServiceTest.SaveChangesForPatchAsync_ShouldReturnNothing_SetupMethodsMustRunAtLeastOnce","ExecutorUri":"executor://xunit/VsTestRunner2/netcoreapp","Source":"C:\\Users\\vszto\\source\\repos\\vastamaa\\Szakdolgozat\\BookStore.API.Service.Tests\\bin\\Debug\\net6.0\\fine-code-coverage\\build-output\\BookStore.API.Service.Tests.dll","CodeFilePath":null,"LineNumber":0,"Properties":[]},"Attachments":[],"Outcome":1,"ErrorMessage":null,"ErrorStackTrace":null,"DisplayName":"BookStore.API.Service.Tests.AuthorServiceTest.SaveChangesForPatchAsync_ShouldReturnNothing_SetupMethodsMustRunAtLeastOnce","Messages":[],"ComputerName":"DESKTOP-JKKQMUS","Duration":"00:00:00.0009240","StartTime":"2023-04-17T19:06:29.5524276+00:00","EndTime":"2023-04-17T19:06:29.5524276+00:00","Properties":[]}],"TestRunStatistics":{"ExecutedTests":18,"Stats":{"Passed":18}},"ActiveTests":[]},"RunAttachments":[],"ExecutorUris":["executor://xunit/VsTestRunner2/netcoreapp"]}}
TpTrace Verbose: 0 : 980, 10, 2023/04/17, 21:06:29.565, 476034833338, vstest.console.dll, TestRequestSender.EndSession: Sending end session.
TpTrace Verbose: 0 : 980, 10, 2023/04/17, 21:06:29.565, 476034834456, vstest.console.dll, ProxyOperationManager.Close: waiting for test host to exit for 100 ms
TpTrace Warning: 0 : 980, 11, 2023/04/17, 21:06:29.598, 476035165189, vstest.console.dll, TestHostManagerCallbacks.ErrorReceivedCallback Test host standard error line: 
TpTrace Verbose: 0 : 980, 11, 2023/04/17, 21:06:29.607, 476035256779, vstest.console.dll, TestHostProvider.ExitCallBack: Host exited starting callback.
TpTrace Information: 0 : 980, 11, 2023/04/17, 21:06:29.607, 476035258247, vstest.console.dll, TestHostManagerCallbacks.ExitCallBack: Testhost processId: 25488 exited with exitcode: 0 error: ''
TpTrace Verbose: 0 : 980, 11, 2023/04/17, 21:06:29.607, 476035258549, vstest.console.dll, DotnetTestHostManager.OnHostExited: invoking OnHostExited callback
TpTrace Verbose: 0 : 980, 11, 2023/04/17, 21:06:29.607, 476035258901, vstest.console.dll, CrossPlatEngine.TestHostManagerHostExited: calling on client process exit callback.
TpTrace Information: 0 : 980, 11, 2023/04/17, 21:06:29.608, 476035259193, vstest.console.dll, TestRequestSender.OnClientProcessExit: Test host process exited. Standard error: 
TpTrace Information: 0 : 980, 11, 2023/04/17, 21:06:29.608, 476035259390, vstest.console.dll, SocketServer.Stop: Stop server endPoint: 127.0.0.1:58519
TpTrace Information: 0 : 980, 11, 2023/04/17, 21:06:29.608, 476035259519, vstest.console.dll, SocketServer.Stop: Cancellation requested. Stopping message loop.
TpTrace Information: 0 : 980, 10, 2023/04/17, 21:06:29.608, 476035260044, vstest.console.dll, SocketServer.Stop: Stop server endPoint: 127.0.0.1:58519
TpTrace Verbose: 0 : 980, 11, 2023/04/17, 21:06:29.608, 476035260080, vstest.console.dll, MulticastDelegateUtilities.SafeInvoke: HostProviderEvents.OnHostExited: Invoking callback 1/1 for Microsoft.VisualStudio.TestPlatform.CrossPlatEngine.Client.ProxyOperationManager., took 0 ms.
TpTrace Information: 0 : 980, 10, 2023/04/17, 21:06:29.608, 476035260545, vstest.console.dll, SocketServer.Stop: Cancellation requested. Stopping message loop.
TpTrace Information: 0 : 980, 10, 2023/04/17, 21:06:29.608, 476035261266, vstest.console.dll, Closing the connection
TpTrace Verbose: 0 : 980, 10, 2023/04/17, 21:06:29.608, 476035262986, vstest.console.dll, ProxyDataCollectionManager.InvokeDataCollectionServiceAction: Starting.
TpTrace Information: 0 : 980, 10, 2023/04/17, 21:06:29.608, 476035263284, vstest.console.dll, ProxyDataCollectionManager.AfterTestRunEnd: Get attachment set and invoked data collectors processId: 11532 port: 58516
TpTrace Verbose: 0 : 980, 10, 2023/04/17, 21:06:29.608, 476035263558, vstest.console.dll, DataCollectionRequestSender.SendAfterTestRunStartAndGetResult: Send AfterTestRunEnd message with isCancelled: False
TpTrace Verbose: 0 : 980, 10, 2023/04/17, 21:06:29.614, 476035322757, vstest.console.dll, DataCollectionRequestSender.SendAfterTestRunStartAndGetResult: Received message: (DataCollection.AfterTestRunEndResult) -> {"MessageType":"DataCollection.AfterTestRunEndResult","Payload":{"AttachmentSets":[],"InvokedDataCollectors":[{"Uri":"datacollector://Microsoft/TestPlatform/Extensions/Blame/v1","FriendlyName":"Blame","AssemblyQualifiedName":"Microsoft.TestPlatform.Extensions.BlameDataCollector.BlameCollector, Microsoft.TestPlatform.Extensions.BlameDataCollector, Version=15.0.0.0, Culture=neutral, PublicKeyToken=b03f5f7f11d50a3a","FilePath":"C:\\Program Files\\dotnet\\sdk\\7.0.102\\Extensions\\Microsoft.TestPlatform.Extensions.BlameDataCollector.dll","HasAttachmentProcessor":false}],"Metrics":{}}}
TpTrace Information: 0 : 980, 10, 2023/04/17, 21:06:29.618, 476035362086, vstest.console.dll, ProxyDataCollectionManager.InvokeDataCollectionServiceAction: Completed.
TpTrace Warning: 0 : 980, 9, 2023/04/17, 21:06:29.638, 476035560914, vstest.console.dll, DataCollectionLauncher.ErrorReceivedCallback datacollector standard error line: 
TpTrace Information: 0 : 980, 9, 2023/04/17, 21:06:29.642, 476035603817, vstest.console.dll, DataCollectionLauncher.ExitCallBack: Data collector exited with exitcode: 0 error: ''
TpTrace Verbose: 0 : 980, 10, 2023/04/17, 21:06:29.649, 476035678323, vstest.console.dll, TestRunRequest:SendTestRunStatsChange: Starting.
TpTrace Verbose: 0 : 980, 10, 2023/04/17, 21:06:29.649, 476035679151, vstest.console.dll, MulticastDelegateUtilities.SafeInvoke: TestRun.RunStatsChanged: Invoking callbacks was skipped because there are no subscribers.
TpTrace Information: 0 : 980, 10, 2023/04/17, 21:06:29.650, 476035679298, vstest.console.dll, TestRunRequest:SendTestRunStatsChange: Completed.
TpTrace Verbose: 0 : 980, 4, 2023/04/17, 21:06:29.650, 476035679850, vstest.console.dll, MulticastDelegateUtilities.SafeInvoke: InternalTestLoggerEvents.SendTestResult: Invoking callback 1/1 for Microsoft.VisualStudio.TestPlatform.CommandLine.Internal.ConsoleLogger., took 0 ms.
TpTrace Verbose: 0 : 980, 10, 2023/04/17, 21:06:29.650, 476035681793, vstest.console.dll, ParallelProxyExecutionManager: HandlePartialRunComplete: Total completed clients = 1, Run complete = True, Run canceled: False.
TpTrace Verbose: 0 : 980, 4, 2023/04/17, 21:06:29.656, 476035742213, vstest.console.dll, MulticastDelegateUtilities.SafeInvoke: InternalTestLoggerEvents.SendTestRunComplete: Invoking callback 1/2 for Microsoft.TestPlatform.Extensions.BlameDataCollector.BlameLogger., took 0 ms.
TpTrace Verbose: 0 : 980, 4, 2023/04/17, 21:06:29.659, 476035778471, vstest.console.dll, MulticastDelegateUtilities.SafeInvoke: InternalTestLoggerEvents.SendTestRunComplete: Invoking callback 2/2 for Microsoft.VisualStudio.TestPlatform.CommandLine.Internal.ConsoleLogger., took 3 ms.
TpTrace Verbose: 0 : 980, 10, 2023/04/17, 21:06:29.660, 476035782300, vstest.console.dll, TestRunRequest:TestRunComplete: Starting. IsAborted:False IsCanceled:False.
TpTrace Verbose: 0 : 980, 10, 2023/04/17, 21:06:29.661, 476035789343, vstest.console.dll, TestLoggerManager.HandleTestRunComplete: Ignoring as the object is disposed.
TpTrace Verbose: 0 : 980, 10, 2023/04/17, 21:06:29.661, 476035790715, vstest.console.dll, MulticastDelegateUtilities.SafeInvoke: TestRun.TestRunComplete: Invoking callback 1/2 for Microsoft.VisualStudio.TestPlatform.CommandLine.TestRunResultAggregator., took 0 ms.
TpTrace Verbose: 0 : 980, 10, 2023/04/17, 21:06:29.661, 476035791632, vstest.console.dll, MulticastDelegateUtilities.SafeInvoke: TestRun.TestRunComplete: Invoking callback 2/2 for Microsoft.VisualStudio.TestPlatform.CommandLine.Processors.RunTestsArgumentExecutor+TestRunRequestEventsRegistrar., took 0 ms.
TpTrace Information: 0 : 980, 10, 2023/04/17, 21:06:29.661, 476035792184, vstest.console.dll, TestRunRequest:TestRunComplete: Completed.
TpTrace Verbose: 0 : 980, 10, 2023/04/17, 21:06:29.661, 476035792400, vstest.console.dll, TestRequestSender.SetOperationComplete: Setting operation complete.
TpTrace Information: 0 : 980, 10, 2023/04/17, 21:06:29.661, 476035792532, vstest.console.dll, SocketServer.Stop: Stop server endPoint: 127.0.0.1:58519
TpTrace Information: 0 : 980, 10, 2023/04/17, 21:06:29.661, 476035792664, vstest.console.dll, SocketServer.Stop: Cancellation requested. Stopping message loop.
TpTrace Verbose: 0 : 980, 10, 2023/04/17, 21:06:29.661, 476035792839, vstest.console.dll, MulticastDelegateUtilities.SafeInvoke: LengthPrefixCommunicationChannel: MessageReceived: Invoking callback 1/1 for Microsoft.VisualStudio.TestPlatform.CommunicationUtilities.TestRequestSender+<>c__DisplayClass31_0., took 96 ms.
TpTrace Verbose: 0 : 980, 1, 2023/04/17, 21:06:29.661, 476035792834, vstest.console.dll, TestRunRequest.Dispose: Starting.
TpTrace Information: 0 : 980, 1, 2023/04/17, 21:06:29.661, 476035793364, vstest.console.dll, TestRunRequest.Dispose: Completed.
TpTrace Information: 0 : 980, 1, 2023/04/17, 21:06:29.661, 476035793652, vstest.console.dll, TestRequestManager.RunTests: run tests completed.
TpTrace Information: 0 : 980, 10, 2023/04/17, 21:06:29.661, 476035793034, vstest.console.dll, SocketServer.PrivateStop: Stopping server endPoint: 127.0.0.1:58519 error: 
TpTrace Information: 0 : 980, 1, 2023/04/17, 21:06:29.661, 476035794314, vstest.console.dll, RunTestsArgumentProcessor:Execute: Test run is completed.
TpTrace Verbose: 0 : 980, 1, 2023/04/17, 21:06:29.661, 476035795533, vstest.console.dll, Executor.Execute: Exiting with exit code of 0
TpTrace Verbose: 0 : 980, 10, 2023/04/17, 21:06:29.661, 476035796760, vstest.console.dll, LengthPrefixCommunicationChannel.Dispose: Dispose reader and writer.
TpTrace Information: 0 : 980, 10, 2023/04/17, 21:06:29.661, 476035797263, vstest.console.dll, SocketServer.Stop: Raise disconnected event endPoint: 127.0.0.1:58519 error: 
TpTrace Verbose: 0 : 980, 10, 2023/04/17, 21:06:29.661, 476035797650, vstest.console.dll, TestRequestSender: OnTestRunAbort: Operation is already complete. Skip error message.
TpTrace Verbose: 0 : 980, 10, 2023/04/17, 21:06:29.661, 476035797846, vstest.console.dll, MulticastDelegateUtilities.SafeInvoke: SocketServer: ClientDisconnected: Invoking callback 1/1 for Microsoft.VisualStudio.TestPlatform.CommunicationUtilities.TestRequestSender., took 0 ms.
TpTrace Verbose: 0 : 980, 10, 2023/04/17, 21:06:29.661, 476035798000, vstest.console.dll, TcpClientExtensions.MessageLoopAsync: exiting MessageLoopAsync remoteEndPoint: 127.0.0.1:58520 localEndPoint: 127.0.0.1:58519
